Using pre-set license
Built from '2021.3/staging' branch; Version is '2021.3.1f1 (3b70a0754835) revision 3895456'; Using compiler version '192829333'; Build Type 'Release'
OS: 'Windows 10  (10.0.19043) 64bit Professional' Language: 'en' Physical Memory: 81827 MB
BatchMode: 1, IsHumanControllingUs: 0, StartBugReporterOnCrash: 0, Is64bit: 1, IsPro: 1

COMMAND LINE ARGUMENTS:
C:\Program Files\Unity\Hub\Editor\2021.3.1f1\Editor\Unity.exe
-adb2
-batchMode
-noUpm
-name
AssetImportWorker13
-projectPath
C:/Users/dobre/TheThing
-logFile
Logs/AssetImportWorker13.log
-srvPort
59029
Successfully changed project path to: C:/Users/dobre/TheThing
C:/Users/dobre/TheThing
[UnityMemory] Configuration Parameters - Can be set up in boot.config
    "memorysetup-bucket-allocator-granularity=16"
    "memorysetup-bucket-allocator-bucket-count=8"
    "memorysetup-bucket-allocator-block-size=33554432"
    "memorysetup-bucket-allocator-block-count=8"
    "memorysetup-main-allocator-block-size=16777216"
    "memorysetup-thread-allocator-block-size=16777216"
    "memorysetup-gfx-main-allocator-block-size=16777216"
    "memorysetup-gfx-thread-allocator-block-size=16777216"
    "memorysetup-cache-allocator-block-size=4194304"
    "memorysetup-typetree-allocator-block-size=2097152"
    "memorysetup-profiler-bucket-allocator-granularity=16"
    "memorysetup-profiler-bucket-allocator-bucket-count=8"
    "memorysetup-profiler-bucket-allocator-block-size=33554432"
    "memorysetup-profiler-bucket-allocator-block-count=8"
    "memorysetup-profiler-allocator-block-size=16777216"
    "memorysetup-profiler-editor-allocator-block-size=1048576"
    "memorysetup-temp-allocator-size-main=16777216"
    "memorysetup-job-temp-allocator-block-size=2097152"
    "memorysetup-job-temp-allocator-block-size-background=1048576"
    "memorysetup-job-temp-allocator-reduction-small-platforms=262144"
    "memorysetup-temp-allocator-size-background-worker=32768"
    "memorysetup-temp-allocator-size-job-worker=262144"
    "memorysetup-temp-allocator-size-preload-manager=33554432"
    "memorysetup-temp-allocator-size-nav-mesh-worker=65536"
    "memorysetup-temp-allocator-size-audio-worker=65536"
    "memorysetup-temp-allocator-size-cloud-worker=32768"
    "memorysetup-temp-allocator-size-gi-baking-worker=262144"
    "memorysetup-temp-allocator-size-gfx=262144"
Refreshing native plugins compatible for Editor in 88.78 ms, found 4 plugins.
Preloading 0 native plugins for Editor in 0.00 ms.
Initialize engine version: 2021.3.1f1 (3b70a0754835)
[Subsystems] Discovering subsystems at path C:/Program Files/Unity/Hub/Editor/2021.3.1f1/Editor/Data/Resources/UnitySubsystems
[Subsystems] Discovering subsystems at path C:/Users/dobre/TheThing/Assets
GfxDevice: creating device client; threaded=0; jobified=0
Direct3D:
    Version:  Direct3D 11.0 [level 11.1]
    Renderer: AMD Radeon RX 6900 XT (ID=0x73bf)
    Vendor:   ATI
    VRAM:     16339 MB
    Driver:   27.20.14501.28009
Initialize mono
Mono path[0] = 'C:/Program Files/Unity/Hub/Editor/2021.3.1f1/Editor/Data/Managed'
Mono path[1] = 'C:/Program Files/Unity/Hub/Editor/2021.3.1f1/Editor/Data/MonoBleedingEdge/lib/mono/unityjit-win32'
Mono config path = 'C:/Program Files/Unity/Hub/Editor/2021.3.1f1/Editor/Data/MonoBleedingEdge/etc'
Using monoOptions --debugger-agent=transport=dt_socket,embedding=1,server=y,suspend=n,address=127.0.0.1:56660
Begin MonoManager ReloadAssembly
Registering precompiled unity dll's ...
Register platform support module: C:/Program Files/Unity/Hub/Editor/2021.3.1f1/Editor/Data/PlaybackEngines/WebGLSupport/UnityEditor.WebGL.Extensions.dll
Register platform support module: C:/Program Files/Unity/Hub/Editor/2021.3.1f1/Editor/Data/PlaybackEngines/WindowsStandaloneSupport/UnityEditor.WindowsStandalone.Extensions.dll
Registered in 0.009946 seconds.
Native extension for WindowsStandalone target not found
Native extension for WebGL target not found
Refreshing native plugins compatible for Editor in 86.75 ms, found 4 plugins.
Preloading 0 native plugins for Editor in 0.00 ms.
Mono: successfully reloaded assembly
- Completed reload, in  0.601 seconds
Domain Reload Profiling:
	ReloadAssembly (602ms)
		BeginReloadAssembly (74ms)
			ExecutionOrderSort (0ms)
			DisableScriptedObjects (0ms)
			BackupInstance (0ms)
			ReleaseScriptingObjects (0ms)
			CreateAndSetChildDomain (1ms)
		EndReloadAssembly (424ms)
			LoadAssemblies (73ms)
			RebuildTransferFunctionScriptingTraits (0ms)
			SetupTypeCache (90ms)
			ReleaseScriptCaches (0ms)
			RebuildScriptCaches (23ms)
			SetupLoadedEditorAssemblies (262ms)
				LogAssemblyErrors (0ms)
				InitializePlatformSupportModulesInManaged (12ms)
				SetLoadedEditorAssemblies (0ms)
				RefreshPlugins (87ms)
				BeforeProcessingInitializeOnLoad (1ms)
				ProcessInitializeOnLoadAttributes (124ms)
				ProcessInitializeOnLoadMethodAttributes (38ms)
				AfterProcessingInitializeOnLoad (0ms)
				EditorAssembliesLoaded (0ms)
			ExecutionOrderSort2 (0ms)
			AwakeInstancesAfterBackupRestoration (0ms)
Platform modules already initialized, skipping
Registering precompiled user dll's ...
Registered in 0.009036 seconds.
Begin MonoManager ReloadAssembly
Symbol file LoadedFromMemory doesn't match image C:\Users\dobre\TheThing\Library\PackageCache\com.unity.visualscripting@1.7.6\Editor\VisualScripting.Core\Dependencies\YamlDotNet\Unity.VisualScripting.YamlDotNet.dll
Symbol file LoadedFromMemory is not a mono symbol file
Symbol file LoadedFromMemory doesn't match image C:\Users\dobre\TheThing\Library\PackageCache\com.unity.visualscripting@1.7.6\Editor\VisualScripting.Core\Dependencies\DotNetZip\Unity.VisualScripting.IonicZip.dll
Native extension for WindowsStandalone target not found
Native extension for WebGL target not found
Refreshing native plugins compatible for Editor in 74.93 ms, found 4 plugins.
Preloading 0 native plugins for Editor in 0.00 ms.
Mono: successfully reloaded assembly
- Completed reload, in  0.936 seconds
Domain Reload Profiling:
	ReloadAssembly (937ms)
		BeginReloadAssembly (103ms)
			ExecutionOrderSort (0ms)
			DisableScriptedObjects (4ms)
			BackupInstance (0ms)
			ReleaseScriptingObjects (0ms)
			CreateAndSetChildDomain (22ms)
		EndReloadAssembly (741ms)
			LoadAssemblies (86ms)
			RebuildTransferFunctionScriptingTraits (0ms)
			SetupTypeCache (165ms)
			ReleaseScriptCaches (1ms)
			RebuildScriptCaches (41ms)
			SetupLoadedEditorAssemblies (416ms)
				LogAssemblyErrors (0ms)
				InitializePlatformSupportModulesInManaged (6ms)
				SetLoadedEditorAssemblies (0ms)
				RefreshPlugins (75ms)
				BeforeProcessingInitializeOnLoad (83ms)
				ProcessInitializeOnLoadAttributes (212ms)
				ProcessInitializeOnLoadMethodAttributes (31ms)
				AfterProcessingInitializeOnLoad (9ms)
				EditorAssembliesLoaded (0ms)
			ExecutionOrderSort2 (0ms)
			AwakeInstancesAfterBackupRestoration (5ms)
Platform modules already initialized, skipping
========================================================================
Worker process is ready to serve import requests
Launched and connected shader compiler UnityShaderCompiler.exe after 0.08 seconds
Refreshing native plugins compatible for Editor in 0.90 ms, found 4 plugins.
Preloading 0 native plugins for Editor in 0.00 ms.
Unloading 3935 Unused Serialized files (Serialized files now loaded: 0)
Unloading 40 unused Assets / (226.1 KB). Loaded Objects now: 4390.
Memory consumption went from 150.2 MB to 150.0 MB.
Total: 3.081600 ms (FindLiveObjects: 0.305900 ms CreateObjectMapping: 0.207000 ms MarkObjects: 2.435700 ms  DeleteObjects: 0.132300 ms)

AssetImportParameters requested are different than current active one (requested -> active):
  custom:video-decoder-ogg-theora: a1e56fd34408186e4bbccfd4996cb3dc -> 
  custom:container-muxer-webm: aa71ff27fc2769a1b78a27578f13a17b -> 
  custom:container-demuxer-webm: 4f35f7cbe854078d1ac9338744f61a02 -> 
  custom:video-encoder-webm-vp8: eb34c28f22e8b96e1ab97ce403110664 -> 
  custom:audio-encoder-webm-vorbis: bf7c407c2cedff20999df2af8eb42d56 -> 
  custom:framework-win-MediaFoundation: 216162199b28c13a410421893ffa2e32 -> 
  custom:container-demuxer-ogg: 62fdf1f143b41e24485cea50d1cbac27 -> 
  custom:video-decoder-webm-vp8: 9c59270c3fd7afecdb556c50c9e8de78 -> 
  custom:audio-decoder-ogg-vorbis: bf7c407c2cedff20999df2af8eb42d56 -> 
========================================================================
Received Import Request.
  Time since last request: 673558.228167 seconds.
  path: Assets/Pixel Adventure 1/Assets/Items/Fruits/Orange.png
  artifactKey: Guid(ffc9f271fad56c243a45f100b9dc6778) Importer(815301076,1909f56bfc062723c751e8b465ee728b)
Start importing Assets/Pixel Adventure 1/Assets/Items/Fruits/Orange.png using Guid(ffc9f271fad56c243a45f100b9dc6778) Importer(815301076,1909f56bfc062723c751e8b465ee728b)  -> (artifact id: '2cda3bec99c74e628a921b1a8d0277d5') in 0.178801 seconds 
========================================================================
Received Import Request.
  Time since last request: 72.723396 seconds.
  path: Assets/Pixel Adventure 2/Assets/Enemies/Bee/Hit (36x34).png
  artifactKey: Guid(2ee221a4e4a19ac479fcbde053eb8d60) Importer(815301076,1909f56bfc062723c751e8b465ee728b)
Start importing Assets/Pixel Adventure 2/Assets/Enemies/Bee/Hit (36x34).png using Guid(2ee221a4e4a19ac479fcbde053eb8d60) Importer(815301076,1909f56bfc062723c751e8b465ee728b)  -> (artifact id: '26a92ad4834dbb9f4a1258d409ef2ab7') in 0.020524 seconds 
========================================================================
Received Import Request.
  Time since last request: 0.391034 seconds.
  path: Assets/Pixel Adventure 2/Assets/Enemies/Duck/Jump (36x36).png
  artifactKey: Guid(38cb56d15dc28c34eaf4da30ab64c8fb) Importer(815301076,1909f56bfc062723c751e8b465ee728b)
Start importing Assets/Pixel Adventure 2/Assets/Enemies/Duck/Jump (36x36).png using Guid(38cb56d15dc28c34eaf4da30ab64c8fb) Importer(815301076,1909f56bfc062723c751e8b465ee728b)  -> (artifact id: '25a0ae252a3035a44abff8e3ed99df3d') in 0.012763 seconds 
========================================================================
Received Import Request.
  Time since last request: 2.299926 seconds.
  path: Assets/Pixel Adventure 2/Assets/Enemies/Turtle/Spikes in (44x26).png
  artifactKey: Guid(e6fc6dc4e21030043abfa53d019c42ec) Importer(815301076,1909f56bfc062723c751e8b465ee728b)
Start importing Assets/Pixel Adventure 2/Assets/Enemies/Turtle/Spikes in (44x26).png using Guid(e6fc6dc4e21030043abfa53d019c42ec) Importer(815301076,1909f56bfc062723c751e8b465ee728b)  -> (artifact id: '0b60d1508fa6d9dd446570b69c8d7b58') in 0.022770 seconds 
========================================================================
Received Import Request.
  Time since last request: 0.644403 seconds.
  path: Assets/Pixel Adventure 2/Assets/Enemies/Trunk/Hit (64x32).png
  artifactKey: Guid(02f6a2469272a1740a629fdc51415d8f) Importer(815301076,1909f56bfc062723c751e8b465ee728b)
Start importing Assets/Pixel Adventure 2/Assets/Enemies/Trunk/Hit (64x32).png using Guid(02f6a2469272a1740a629fdc51415d8f) Importer(815301076,1909f56bfc062723c751e8b465ee728b)  -> (artifact id: 'c9e220850cd3fcd90c6d65ee64bca8ca') in 0.017313 seconds 
========================================================================
Received Import Request.
  Time since last request: 0.242262 seconds.
  path: Assets/Pixel Adventure 2/Assets/Enemies/Snail/Shell Top Hit (38x24).png
  artifactKey: Guid(64951a2895af28a48b49917b3da38240) Importer(815301076,1909f56bfc062723c751e8b465ee728b)
Start importing Assets/Pixel Adventure 2/Assets/Enemies/Snail/Shell Top Hit (38x24).png using Guid(64951a2895af28a48b49917b3da38240) Importer(815301076,1909f56bfc062723c751e8b465ee728b)  -> (artifact id: '08ff5ead289ef73b34056a694cb04654') in 0.018170 seconds 
========================================================================
Received Import Request.
  Time since last request: 0.270878 seconds.
  path: Assets/Pixel Adventure 2/Assets/Enemies/Skull/Idle 1 (52x54).png
  artifactKey: Guid(045eb5e1f0cbc424e9a8eed9eaf27bf8) Importer(815301076,1909f56bfc062723c751e8b465ee728b)
Start importing Assets/Pixel Adventure 2/Assets/Enemies/Skull/Idle 1 (52x54).png using Guid(045eb5e1f0cbc424e9a8eed9eaf27bf8) Importer(815301076,1909f56bfc062723c751e8b465ee728b)  -> (artifact id: '5c610cec19a8a638df7cbce396a1b95e') in 0.023484 seconds 
========================================================================
Received Import Request.
  Time since last request: 0.115584 seconds.
  path: Assets/Pixel Adventure 2/Assets/Enemies/Rocks/Rock2_Hit (32x28).png
  artifactKey: Guid(92efab9bd840360409c373740e5e3482) Importer(815301076,1909f56bfc062723c751e8b465ee728b)
Start importing Assets/Pixel Adventure 2/Assets/Enemies/Rocks/Rock2_Hit (32x28).png using Guid(92efab9bd840360409c373740e5e3482) Importer(815301076,1909f56bfc062723c751e8b465ee728b)  -> (artifact id: 'a3464a69683bdee796e59b640204180d') in 0.011219 seconds 
========================================================================
Received Import Request.
  Time since last request: 0.000018 seconds.
  path: Assets/Pixel Adventure 2/Assets/Enemies/Rocks/Rock3_Run (22x18).png
  artifactKey: Guid(6fb78d296f546aa4680350fd6e8e3315) Importer(815301076,1909f56bfc062723c751e8b465ee728b)
Start importing Assets/Pixel Adventure 2/Assets/Enemies/Rocks/Rock3_Run (22x18).png using Guid(6fb78d296f546aa4680350fd6e8e3315) Importer(815301076,1909f56bfc062723c751e8b465ee728b)  -> (artifact id: '66f2a8a1083e288f3f63ab372e0367ba') in 0.036370 seconds 
========================================================================
Received Import Request.
  Time since last request: 0.082659 seconds.
  path: Assets/Pixel Adventure 2/Assets/Enemies/Radish/Leafs (16x16).png
  artifactKey: Guid(d66a24f1a595be64bbd51c1a109278b1) Importer(815301076,1909f56bfc062723c751e8b465ee728b)
Start importing Assets/Pixel Adventure 2/Assets/Enemies/Radish/Leafs (16x16).png using Guid(d66a24f1a595be64bbd51c1a109278b1) Importer(815301076,1909f56bfc062723c751e8b465ee728b)  -> (artifact id: '2833198ae47157c49ed676f8c666793d') in 0.013581 seconds 
========================================================================
Received Import Request.
  Time since last request: 0.815291 seconds.
  path: Assets/Pixel Adventure 2/Assets/Enemies/Plant/Hit (44x42).png
  artifactKey: Guid(99a6f8d881d96d045a18fa94cfb5b914) Importer(815301076,1909f56bfc062723c751e8b465ee728b)
Start importing Assets/Pixel Adventure 2/Assets/Enemies/Plant/Hit (44x42).png using Guid(99a6f8d881d96d045a18fa94cfb5b914) Importer(815301076,1909f56bfc062723c751e8b465ee728b)  -> (artifact id: '86062e4a0c2d731eb62a15c156c91519') in 0.019673 seconds 
========================================================================
Received Import Request.
  Time since last request: 0.284866 seconds.
  path: Assets/Pixel Adventure 2/Assets/Enemies/Ghost/Hit (44x30).png
  artifactKey: Guid(fe0d305c386c24f49b22110bd836c48d) Importer(815301076,1909f56bfc062723c751e8b465ee728b)
Start importing Assets/Pixel Adventure 2/Assets/Enemies/Ghost/Hit (44x30).png using Guid(fe0d305c386c24f49b22110bd836c48d) Importer(815301076,1909f56bfc062723c751e8b465ee728b)  -> (artifact id: '0dc7b082733b08662d647af27eee1d5e') in 0.018009 seconds 
========================================================================
Received Import Request.
  Time since last request: 0.701957 seconds.
  path: Assets/Pixel Adventure 2/Assets/Enemies/Chameleon/Run (84x38).png
  artifactKey: Guid(5c876d5b9f3c75b409e35030dd07bc57) Importer(815301076,1909f56bfc062723c751e8b465ee728b)
Start importing Assets/Pixel Adventure 2/Assets/Enemies/Chameleon/Run (84x38).png using Guid(5c876d5b9f3c75b409e35030dd07bc57) Importer(815301076,1909f56bfc062723c751e8b465ee728b)  -> (artifact id: '9ebb2d7278790c01177fe6151a1df425') in 0.028632 seconds 
========================================================================
Received Import Request.
  Time since last request: 0.152847 seconds.
  path: Assets/Pixel Adventure 2/Assets/Enemies/Bunny/Jump.png
  artifactKey: Guid(ecc9c07b5beb1164dbb54c0d9847c7e2) Importer(815301076,1909f56bfc062723c751e8b465ee728b)
Start importing Assets/Pixel Adventure 2/Assets/Enemies/Bunny/Jump.png using Guid(ecc9c07b5beb1164dbb54c0d9847c7e2) Importer(815301076,1909f56bfc062723c751e8b465ee728b)  -> (artifact id: '330f15e311f241ae5dfb9ad6c0d02da1') in 0.012568 seconds 
========================================================================
Received Import Request.
  Time since last request: 0.608628 seconds.
  path: Assets/Pixel Adventure 2/Assets/Enemies/Bat/Hit (46x30).png
  artifactKey: Guid(f5cacef1cf4f89f40a43f057681f4b47) Importer(815301076,1909f56bfc062723c751e8b465ee728b)
Start importing Assets/Pixel Adventure 2/Assets/Enemies/Bat/Hit (46x30).png using Guid(f5cacef1cf4f89f40a43f057681f4b47) Importer(815301076,1909f56bfc062723c751e8b465ee728b)  -> (artifact id: '7c9632f1f44af38ceb9ac5de548ae5f0') in 0.019523 seconds 
Editor requested this worker to shutdown with reason: Scaling down because of idle timeout
AssetImportWorker is now disconnected from the server
Process exiting
Exiting without the bug reporter. Application will terminate with return code 0