Using pre-set license
Built from '2021.3/staging' branch; Version is '2021.3.1f1 (3b70a0754835) revision 3895456'; Using compiler version '192829333'; Build Type 'Release'
OS: 'Windows 10  (10.0.19043) 64bit Professional' Language: 'en' Physical Memory: 81827 MB
BatchMode: 1, IsHumanControllingUs: 0, StartBugReporterOnCrash: 0, Is64bit: 1, IsPro: 1

COMMAND LINE ARGUMENTS:
C:\Program Files\Unity\Hub\Editor\2021.3.1f1\Editor\Unity.exe
-adb2
-batchMode
-noUpm
-name
AssetImportWorker8
-projectPath
C:/Users/dobre/TheThing
-logFile
Logs/AssetImportWorker8.log
-srvPort
59029
Successfully changed project path to: C:/Users/dobre/TheThing
C:/Users/dobre/TheThing
[UnityMemory] Configuration Parameters - Can be set up in boot.config
    "memorysetup-bucket-allocator-granularity=16"
    "memorysetup-bucket-allocator-bucket-count=8"
    "memorysetup-bucket-allocator-block-size=33554432"
    "memorysetup-bucket-allocator-block-count=8"
    "memorysetup-main-allocator-block-size=16777216"
    "memorysetup-thread-allocator-block-size=16777216"
    "memorysetup-gfx-main-allocator-block-size=16777216"
    "memorysetup-gfx-thread-allocator-block-size=16777216"
    "memorysetup-cache-allocator-block-size=4194304"
    "memorysetup-typetree-allocator-block-size=2097152"
    "memorysetup-profiler-bucket-allocator-granularity=16"
    "memorysetup-profiler-bucket-allocator-bucket-count=8"
    "memorysetup-profiler-bucket-allocator-block-size=33554432"
    "memorysetup-profiler-bucket-allocator-block-count=8"
    "memorysetup-profiler-allocator-block-size=16777216"
    "memorysetup-profiler-editor-allocator-block-size=1048576"
    "memorysetup-temp-allocator-size-main=16777216"
    "memorysetup-job-temp-allocator-block-size=2097152"
    "memorysetup-job-temp-allocator-block-size-background=1048576"
    "memorysetup-job-temp-allocator-reduction-small-platforms=262144"
    "memorysetup-temp-allocator-size-background-worker=32768"
    "memorysetup-temp-allocator-size-job-worker=262144"
    "memorysetup-temp-allocator-size-preload-manager=33554432"
    "memorysetup-temp-allocator-size-nav-mesh-worker=65536"
    "memorysetup-temp-allocator-size-audio-worker=65536"
    "memorysetup-temp-allocator-size-cloud-worker=32768"
    "memorysetup-temp-allocator-size-gi-baking-worker=262144"
    "memorysetup-temp-allocator-size-gfx=262144"
Refreshing native plugins compatible for Editor in 75.96 ms, found 4 plugins.
Preloading 0 native plugins for Editor in 0.00 ms.
Initialize engine version: 2021.3.1f1 (3b70a0754835)
[Subsystems] Discovering subsystems at path C:/Program Files/Unity/Hub/Editor/2021.3.1f1/Editor/Data/Resources/UnitySubsystems
[Subsystems] Discovering subsystems at path C:/Users/dobre/TheThing/Assets
GfxDevice: creating device client; threaded=0; jobified=0
Direct3D:
    Version:  Direct3D 11.0 [level 11.1]
    Renderer: AMD Radeon RX 6900 XT (ID=0x73bf)
    Vendor:   ATI
    VRAM:     16339 MB
    Driver:   27.20.14501.28009
Initialize mono
Mono path[0] = 'C:/Program Files/Unity/Hub/Editor/2021.3.1f1/Editor/Data/Managed'
Mono path[1] = 'C:/Program Files/Unity/Hub/Editor/2021.3.1f1/Editor/Data/MonoBleedingEdge/lib/mono/unityjit-win32'
Mono config path = 'C:/Program Files/Unity/Hub/Editor/2021.3.1f1/Editor/Data/MonoBleedingEdge/etc'
Using monoOptions --debugger-agent=transport=dt_socket,embedding=1,server=y,suspend=n,address=127.0.0.1:56340
Begin MonoManager ReloadAssembly
Registering precompiled unity dll's ...
Register platform support module: C:/Program Files/Unity/Hub/Editor/2021.3.1f1/Editor/Data/PlaybackEngines/WebGLSupport/UnityEditor.WebGL.Extensions.dll
Register platform support module: C:/Program Files/Unity/Hub/Editor/2021.3.1f1/Editor/Data/PlaybackEngines/WindowsStandaloneSupport/UnityEditor.WindowsStandalone.Extensions.dll
Registered in 0.008432 seconds.
Native extension for WindowsStandalone target not found
Native extension for WebGL target not found
Refreshing native plugins compatible for Editor in 72.79 ms, found 4 plugins.
Preloading 0 native plugins for Editor in 0.00 ms.
Mono: successfully reloaded assembly
- Completed reload, in  0.497 seconds
Domain Reload Profiling:
	ReloadAssembly (497ms)
		BeginReloadAssembly (62ms)
			ExecutionOrderSort (0ms)
			DisableScriptedObjects (0ms)
			BackupInstance (0ms)
			ReleaseScriptingObjects (0ms)
			CreateAndSetChildDomain (1ms)
		EndReloadAssembly (347ms)
			LoadAssemblies (60ms)
			RebuildTransferFunctionScriptingTraits (0ms)
			SetupTypeCache (68ms)
			ReleaseScriptCaches (0ms)
			RebuildScriptCaches (20ms)
			SetupLoadedEditorAssemblies (219ms)
				LogAssemblyErrors (0ms)
				InitializePlatformSupportModulesInManaged (8ms)
				SetLoadedEditorAssemblies (0ms)
				RefreshPlugins (73ms)
				BeforeProcessingInitializeOnLoad (1ms)
				ProcessInitializeOnLoadAttributes (105ms)
				ProcessInitializeOnLoadMethodAttributes (32ms)
				AfterProcessingInitializeOnLoad (0ms)
				EditorAssembliesLoaded (0ms)
			ExecutionOrderSort2 (0ms)
			AwakeInstancesAfterBackupRestoration (0ms)
Platform modules already initialized, skipping
Registering precompiled user dll's ...
Registered in 0.008455 seconds.
Begin MonoManager ReloadAssembly
Symbol file LoadedFromMemory doesn't match image C:\Users\dobre\TheThing\Library\PackageCache\com.unity.visualscripting@1.7.6\Editor\VisualScripting.Core\Dependencies\YamlDotNet\Unity.VisualScripting.YamlDotNet.dll
Symbol file LoadedFromMemory is not a mono symbol file
Symbol file LoadedFromMemory doesn't match image C:\Users\dobre\TheThing\Library\PackageCache\com.unity.visualscripting@1.7.6\Editor\VisualScripting.Core\Dependencies\DotNetZip\Unity.VisualScripting.IonicZip.dll
Native extension for WindowsStandalone target not found
Native extension for WebGL target not found
Refreshing native plugins compatible for Editor in 73.13 ms, found 4 plugins.
Preloading 0 native plugins for Editor in 0.00 ms.
Mono: successfully reloaded assembly
- Completed reload, in  0.848 seconds
Domain Reload Profiling:
	ReloadAssembly (848ms)
		BeginReloadAssembly (93ms)
			ExecutionOrderSort (0ms)
			DisableScriptedObjects (5ms)
			BackupInstance (0ms)
			ReleaseScriptingObjects (0ms)
			CreateAndSetChildDomain (17ms)
		EndReloadAssembly (666ms)
			LoadAssemblies (79ms)
			RebuildTransferFunctionScriptingTraits (0ms)
			SetupTypeCache (148ms)
			ReleaseScriptCaches (1ms)
			RebuildScriptCaches (40ms)
			SetupLoadedEditorAssemblies (368ms)
				LogAssemblyErrors (0ms)
				InitializePlatformSupportModulesInManaged (5ms)
				SetLoadedEditorAssemblies (0ms)
				RefreshPlugins (73ms)
				BeforeProcessingInitializeOnLoad (78ms)
				ProcessInitializeOnLoadAttributes (172ms)
				ProcessInitializeOnLoadMethodAttributes (30ms)
				AfterProcessingInitializeOnLoad (9ms)
				EditorAssembliesLoaded (0ms)
			ExecutionOrderSort2 (0ms)
			AwakeInstancesAfterBackupRestoration (4ms)
Platform modules already initialized, skipping
========================================================================
Worker process is ready to serve import requests
Launched and connected shader compiler UnityShaderCompiler.exe after 0.06 seconds
Refreshing native plugins compatible for Editor in 0.88 ms, found 4 plugins.
Preloading 0 native plugins for Editor in 0.00 ms.
Unloading 3935 Unused Serialized files (Serialized files now loaded: 0)
Unloading 40 unused Assets / (226.1 KB). Loaded Objects now: 4390.
Memory consumption went from 150.2 MB to 150.0 MB.
Total: 2.808800 ms (FindLiveObjects: 0.233800 ms CreateObjectMapping: 0.085800 ms MarkObjects: 2.360300 ms  DeleteObjects: 0.128200 ms)

AssetImportParameters requested are different than current active one (requested -> active):
  custom:video-decoder-ogg-theora: a1e56fd34408186e4bbccfd4996cb3dc -> 
  custom:container-muxer-webm: aa71ff27fc2769a1b78a27578f13a17b -> 
  custom:container-demuxer-webm: 4f35f7cbe854078d1ac9338744f61a02 -> 
  custom:video-encoder-webm-vp8: eb34c28f22e8b96e1ab97ce403110664 -> 
  custom:audio-encoder-webm-vorbis: bf7c407c2cedff20999df2af8eb42d56 -> 
  custom:framework-win-MediaFoundation: 216162199b28c13a410421893ffa2e32 -> 
  custom:container-demuxer-ogg: 62fdf1f143b41e24485cea50d1cbac27 -> 
  custom:video-decoder-webm-vp8: 9c59270c3fd7afecdb556c50c9e8de78 -> 
  custom:audio-decoder-ogg-vorbis: bf7c407c2cedff20999df2af8eb42d56 -> 
========================================================================
Received Import Request.
  Time since last request: 673477.870699 seconds.
  path: Assets/Pixel Adventure 2/Assets/Enemies/FatBird/Ground (40x48).png
  artifactKey: Guid(1b30865eb3e4c8e4c98659ab87085cf7) Importer(815301076,1909f56bfc062723c751e8b465ee728b)
Start importing Assets/Pixel Adventure 2/Assets/Enemies/FatBird/Ground (40x48).png using Guid(1b30865eb3e4c8e4c98659ab87085cf7) Importer(815301076,1909f56bfc062723c751e8b465ee728b)  -> (artifact id: 'cbfde226de699f463d8a47deba73c6ff') in 0.114046 seconds 
========================================================================
Received Import Request.
  Time since last request: 6.868067 seconds.
  path: Assets/Pixel Adventure 2/Assets/Enemies/Rino/Hit Wall (52x34).png
  artifactKey: Guid(af986635e8356a644a7348f570cd3579) Importer(815301076,1909f56bfc062723c751e8b465ee728b)
Start importing Assets/Pixel Adventure 2/Assets/Enemies/Rino/Hit Wall (52x34).png using Guid(af986635e8356a644a7348f570cd3579) Importer(815301076,1909f56bfc062723c751e8b465ee728b)  -> (artifact id: '43c01184114368b91925c34d5597ab67') in 0.018678 seconds 
========================================================================
Received Import Request.
  Time since last request: 45.383379 seconds.
  path: Assets/Pixel Adventure 1/Assets/Terrain/Terrain Sliced (16x16).png
  artifactKey: Guid(fc584d329b77b9545b9c9c8bb829e553) Importer(815301076,1909f56bfc062723c751e8b465ee728b)
Start importing Assets/Pixel Adventure 1/Assets/Terrain/Terrain Sliced (16x16).png using Guid(fc584d329b77b9545b9c9c8bb829e553) Importer(815301076,1909f56bfc062723c751e8b465ee728b)  -> (artifact id: 'cdd11b3be312ab5aba622e0cab18d72e') in 0.262901 seconds 
========================================================================
Received Import Request.
  Time since last request: 2.936812 seconds.
  path: Assets/Pixel Adventure 1/Assets/Terrain/Teren Joc/Terrain (16x16)_1.asset
  artifactKey: Guid(82ab4a73b781f4540af64d82fa9a43a3) Importer(815301076,1909f56bfc062723c751e8b465ee728b)
Start importing Assets/Pixel Adventure 1/Assets/Terrain/Teren Joc/Terrain (16x16)_1.asset using Guid(82ab4a73b781f4540af64d82fa9a43a3) Importer(815301076,1909f56bfc062723c751e8b465ee728b)  -> (artifact id: '4228dde4aec5ff81bdb973f21b33aab6') in 0.020839 seconds 
========================================================================
Received Import Request.
  Time since last request: 0.000017 seconds.
  path: Assets/Pixel Adventure 1/Assets/Terrain/Teren Joc/Terrain (16x16)_6.asset
  artifactKey: Guid(4616ee9fe4003a24495313e7807dced1) Importer(815301076,1909f56bfc062723c751e8b465ee728b)
Start importing Assets/Pixel Adventure 1/Assets/Terrain/Teren Joc/Terrain (16x16)_6.asset using Guid(4616ee9fe4003a24495313e7807dced1) Importer(815301076,1909f56bfc062723c751e8b465ee728b)  -> (artifact id: 'c1d8f2f803c01b46cd208d289f443278') in 0.013088 seconds 
========================================================================
Received Import Request.
  Time since last request: 0.000768 seconds.
  path: Assets/Pixel Adventure 1/Assets/Terrain/Teren Joc/Terrain (16x16)_13.asset
  artifactKey: Guid(b0a7ac24051169e4ab31c17e7c53f599) Importer(815301076,1909f56bfc062723c751e8b465ee728b)
Start importing Assets/Pixel Adventure 1/Assets/Terrain/Teren Joc/Terrain (16x16)_13.asset using Guid(b0a7ac24051169e4ab31c17e7c53f599) Importer(815301076,1909f56bfc062723c751e8b465ee728b)  -> (artifact id: '0a6fdddeda581f587d5a623a4fb1832f') in 0.017268 seconds 
========================================================================
Received Import Request.
  Time since last request: 0.000024 seconds.
  path: Assets/Pixel Adventure 1/Assets/Terrain/Teren Joc/Terrain (16x16)_21.asset
  artifactKey: Guid(9ef1787979949e44e88b878c5c5fcb21) Importer(815301076,1909f56bfc062723c751e8b465ee728b)
Start importing Assets/Pixel Adventure 1/Assets/Terrain/Teren Joc/Terrain (16x16)_21.asset using Guid(9ef1787979949e44e88b878c5c5fcb21) Importer(815301076,1909f56bfc062723c751e8b465ee728b)  -> (artifact id: '1b82a6cfb33e76bcb330c11279c21a53') in 0.009278 seconds 
========================================================================
Received Import Request.
  Time since last request: 0.000024 seconds.
  path: Assets/Pixel Adventure 1/Assets/Terrain/Teren Joc/Terrain (16x16)_51.asset
  artifactKey: Guid(2a502054cb6c78b4c8e48142a330cdab) Importer(815301076,1909f56bfc062723c751e8b465ee728b)
Start importing Assets/Pixel Adventure 1/Assets/Terrain/Teren Joc/Terrain (16x16)_51.asset using Guid(2a502054cb6c78b4c8e48142a330cdab) Importer(815301076,1909f56bfc062723c751e8b465ee728b)  -> (artifact id: '184f406b7c2c7f454b2c9e7db69dd121') in 0.014819 seconds 
========================================================================
Received Import Request.
  Time since last request: 0.000024 seconds.
  path: Assets/Pixel Adventure 1/Assets/Terrain/Teren Joc/Terrain (16x16)_45.asset
  artifactKey: Guid(a2988257bc75c2340a44759a109077b6) Importer(815301076,1909f56bfc062723c751e8b465ee728b)
Start importing Assets/Pixel Adventure 1/Assets/Terrain/Teren Joc/Terrain (16x16)_45.asset using Guid(a2988257bc75c2340a44759a109077b6) Importer(815301076,1909f56bfc062723c751e8b465ee728b)  -> (artifact id: 'a6f370e8236285f7f924028444331b09') in 0.009400 seconds 
========================================================================
Received Import Request.
  Time since last request: 0.000019 seconds.
  path: Assets/Pixel Adventure 1/Assets/Terrain/Teren Joc/Terrain (16x16)_63.asset
  artifactKey: Guid(8a85ff8c3051bb94f8c08c67fd245fcf) Importer(815301076,1909f56bfc062723c751e8b465ee728b)
Start importing Assets/Pixel Adventure 1/Assets/Terrain/Teren Joc/Terrain (16x16)_63.asset using Guid(8a85ff8c3051bb94f8c08c67fd245fcf) Importer(815301076,1909f56bfc062723c751e8b465ee728b)  -> (artifact id: 'efd94b87068ab2be810428f0254a6474') in 0.008421 seconds 
========================================================================
Received Import Request.
  Time since last request: 0.000017 seconds.
  path: Assets/Pixel Adventure 1/Assets/Terrain/Teren Joc/Terrain (16x16)_52.asset
  artifactKey: Guid(3a7ebb32531e1a64f904e57c5bfd11a0) Importer(815301076,1909f56bfc062723c751e8b465ee728b)
Start importing Assets/Pixel Adventure 1/Assets/Terrain/Teren Joc/Terrain (16x16)_52.asset using Guid(3a7ebb32531e1a64f904e57c5bfd11a0) Importer(815301076,1909f56bfc062723c751e8b465ee728b)  -> (artifact id: 'cd187d1a13c3c132f5f5a5e929144ac9') in 0.009430 seconds 
========================================================================
Received Import Request.
  Time since last request: 0.000023 seconds.
  path: Assets/Pixel Adventure 1/Assets/Terrain/Teren Joc/Terrain (16x16)_62.asset
  artifactKey: Guid(5f27077772261c64eab6c6746eccea64) Importer(815301076,1909f56bfc062723c751e8b465ee728b)
Start importing Assets/Pixel Adventure 1/Assets/Terrain/Teren Joc/Terrain (16x16)_62.asset using Guid(5f27077772261c64eab6c6746eccea64) Importer(815301076,1909f56bfc062723c751e8b465ee728b)  -> (artifact id: 'a6937862c8ca9d3f6ccc9864cdba1aab') in 0.009281 seconds 
========================================================================
Received Import Request.
  Time since last request: 0.000017 seconds.
  path: Assets/Pixel Adventure 1/Assets/Terrain/Teren Joc/Terrain (16x16)_49.asset
  artifactKey: Guid(702ea7a13272c3242b2cc44af2a396e6) Importer(815301076,1909f56bfc062723c751e8b465ee728b)
Start importing Assets/Pixel Adventure 1/Assets/Terrain/Teren Joc/Terrain (16x16)_49.asset using Guid(702ea7a13272c3242b2cc44af2a396e6) Importer(815301076,1909f56bfc062723c751e8b465ee728b)  -> (artifact id: '71ff9baf1006c627eef082d7cfa2da12') in 0.008615 seconds 
========================================================================
Received Import Request.
  Time since last request: 0.000019 seconds.
  path: Assets/Pixel Adventure 1/Assets/Terrain/Teren Joc/Terrain (16x16)_27.asset
  artifactKey: Guid(f8b03f87d69d9e846b467a091cd778c6) Importer(815301076,1909f56bfc062723c751e8b465ee728b)
Start importing Assets/Pixel Adventure 1/Assets/Terrain/Teren Joc/Terrain (16x16)_27.asset using Guid(f8b03f87d69d9e846b467a091cd778c6) Importer(815301076,1909f56bfc062723c751e8b465ee728b)  -> (artifact id: '6c3070120e573700424de5461b177e24') in 0.008211 seconds 
========================================================================
Received Import Request.
  Time since last request: 0.000021 seconds.
  path: Assets/Pixel Adventure 1/Assets/Terrain/Teren Joc/Terrain (16x16)_48.asset
  artifactKey: Guid(aa81c501f267ade4e85b3fc01f8cf54b) Importer(815301076,1909f56bfc062723c751e8b465ee728b)
Start importing Assets/Pixel Adventure 1/Assets/Terrain/Teren Joc/Terrain (16x16)_48.asset using Guid(aa81c501f267ade4e85b3fc01f8cf54b) Importer(815301076,1909f56bfc062723c751e8b465ee728b)  -> (artifact id: 'e3f3213e3d407f65a32fe09df1b7c019') in 0.008445 seconds 
========================================================================
Received Import Request.
  Time since last request: 0.000014 seconds.
  path: Assets/Pixel Adventure 1/Assets/Terrain/Teren Joc/Terrain (16x16)_28.asset
  artifactKey: Guid(ddc53c7ec112a98448c0085deab0c022) Importer(815301076,1909f56bfc062723c751e8b465ee728b)
Start importing Assets/Pixel Adventure 1/Assets/Terrain/Teren Joc/Terrain (16x16)_28.asset using Guid(ddc53c7ec112a98448c0085deab0c022) Importer(815301076,1909f56bfc062723c751e8b465ee728b)  -> (artifact id: 'cd44de5a242e81e026df32dde07fbbea') in 0.008568 seconds 
========================================================================
Received Import Request.
  Time since last request: 0.000016 seconds.
  path: Assets/Pixel Adventure 1/Assets/Terrain/Teren Joc/Terrain (16x16)_39.asset
  artifactKey: Guid(0399900411fe2da43adec1dce26f493d) Importer(815301076,1909f56bfc062723c751e8b465ee728b)
Start importing Assets/Pixel Adventure 1/Assets/Terrain/Teren Joc/Terrain (16x16)_39.asset using Guid(0399900411fe2da43adec1dce26f493d) Importer(815301076,1909f56bfc062723c751e8b465ee728b)  -> (artifact id: '22c54c01a9838a21866cb02e833bb04f') in 0.009392 seconds 
========================================================================
Received Import Request.
  Time since last request: 0.000018 seconds.
  path: Assets/Pixel Adventure 1/Assets/Terrain/Teren Joc/Terrain (16x16)_47.asset
  artifactKey: Guid(239e57d2b25c11245a18df342e3759f3) Importer(815301076,1909f56bfc062723c751e8b465ee728b)
Start importing Assets/Pixel Adventure 1/Assets/Terrain/Teren Joc/Terrain (16x16)_47.asset using Guid(239e57d2b25c11245a18df342e3759f3) Importer(815301076,1909f56bfc062723c751e8b465ee728b)  -> (artifact id: '78393f515435d69dca8ed563025d73cd') in 0.010423 seconds 
========================================================================
Received Import Request.
  Time since last request: 0.000020 seconds.
  path: Assets/Pixel Adventure 1/Assets/Terrain/Teren Joc/Terrain (16x16)_24.asset
  artifactKey: Guid(516928f3730893b419486dbca5f1a678) Importer(815301076,1909f56bfc062723c751e8b465ee728b)
Start importing Assets/Pixel Adventure 1/Assets/Terrain/Teren Joc/Terrain (16x16)_24.asset using Guid(516928f3730893b419486dbca5f1a678) Importer(815301076,1909f56bfc062723c751e8b465ee728b)  -> (artifact id: 'ff03335bce8b2679e913ef6bfab47f13') in 0.008209 seconds 
========================================================================
Received Import Request.
  Time since last request: 0.000016 seconds.
  path: Assets/Pixel Adventure 1/Assets/Terrain/Teren Joc/Terrain (16x16)_29.asset
  artifactKey: Guid(cd6e8d34251a9db45a6ac4f4d2768592) Importer(815301076,1909f56bfc062723c751e8b465ee728b)
Start importing Assets/Pixel Adventure 1/Assets/Terrain/Teren Joc/Terrain (16x16)_29.asset using Guid(cd6e8d34251a9db45a6ac4f4d2768592) Importer(815301076,1909f56bfc062723c751e8b465ee728b)  -> (artifact id: '0b08ed3800146ebc505bf9ca222f3894') in 0.009029 seconds 
========================================================================
Received Import Request.
  Time since last request: 0.000015 seconds.
  path: Assets/Pixel Adventure 1/Assets/Terrain/Teren Joc/Terrain (16x16)_18.asset
  artifactKey: Guid(47ea38a44d4562d4da6a47b5df0a4fa7) Importer(815301076,1909f56bfc062723c751e8b465ee728b)
Start importing Assets/Pixel Adventure 1/Assets/Terrain/Teren Joc/Terrain (16x16)_18.asset using Guid(47ea38a44d4562d4da6a47b5df0a4fa7) Importer(815301076,1909f56bfc062723c751e8b465ee728b)  -> (artifact id: '0fd17b8e16279afe2f22afdbc86159fb') in 0.009111 seconds 
========================================================================
Received Import Request.
  Time since last request: 0.000017 seconds.
  path: Assets/Pixel Adventure 1/Assets/Terrain/Teren Joc/Terrain (16x16)_3.asset
  artifactKey: Guid(189c0fd47f2d267449745535eeda7de4) Importer(815301076,1909f56bfc062723c751e8b465ee728b)
Start importing Assets/Pixel Adventure 1/Assets/Terrain/Teren Joc/Terrain (16x16)_3.asset using Guid(189c0fd47f2d267449745535eeda7de4) Importer(815301076,1909f56bfc062723c751e8b465ee728b)  -> (artifact id: 'd85ef554d2c3741fa1822d2b0cc27fff') in 0.008215 seconds 
========================================================================
Received Import Request.
  Time since last request: 0.000016 seconds.
  path: Assets/Pixel Adventure 1/Assets/Terrain/Teren Joc/Terrain (16x16)_11.asset
  artifactKey: Guid(64fb789a612fc2d48981c76d2ad58e9e) Importer(815301076,1909f56bfc062723c751e8b465ee728b)
Start importing Assets/Pixel Adventure 1/Assets/Terrain/Teren Joc/Terrain (16x16)_11.asset using Guid(64fb789a612fc2d48981c76d2ad58e9e) Importer(815301076,1909f56bfc062723c751e8b465ee728b)  -> (artifact id: 'd4223d8f961c70e13151ac67d4e11e67') in 0.008839 seconds 
========================================================================
Received Import Request.
  Time since last request: 0.000015 seconds.
  path: Assets/Pixel Adventure 1/Assets/Terrain/Teren Joc/Terrain (16x16)_19.asset
  artifactKey: Guid(7a54189476dedb24c81424f4f37a8efd) Importer(815301076,1909f56bfc062723c751e8b465ee728b)
Start importing Assets/Pixel Adventure 1/Assets/Terrain/Teren Joc/Terrain (16x16)_19.asset using Guid(7a54189476dedb24c81424f4f37a8efd) Importer(815301076,1909f56bfc062723c751e8b465ee728b)  -> (artifact id: '077bb9bc440645cd359d3b5f2c6756cd') in 0.008660 seconds 
========================================================================
Received Import Request.
  Time since last request: 0.000020 seconds.
  path: Assets/Pixel Adventure 1/Assets/Terrain/Teren Joc/Terrain (16x16)_32.asset
  artifactKey: Guid(d4f0c6c30d788c14db04708f77b51726) Importer(815301076,1909f56bfc062723c751e8b465ee728b)
Start importing Assets/Pixel Adventure 1/Assets/Terrain/Teren Joc/Terrain (16x16)_32.asset using Guid(d4f0c6c30d788c14db04708f77b51726) Importer(815301076,1909f56bfc062723c751e8b465ee728b)  -> (artifact id: '4ba8a1fe62baf9fa36a0fda2a8b8e02b') in 0.008169 seconds 
========================================================================
Received Import Request.
  Time since last request: 0.393117 seconds.
  path: Assets/Pixel Adventure 1/Assets/Terrain/Teren Joc/Terrain (16x16)_69.asset
  artifactKey: Guid(411626f16c14e8b4c8ee3c7671664865) Importer(815301076,1909f56bfc062723c751e8b465ee728b)
Start importing Assets/Pixel Adventure 1/Assets/Terrain/Teren Joc/Terrain (16x16)_69.asset using Guid(411626f16c14e8b4c8ee3c7671664865) Importer(815301076,1909f56bfc062723c751e8b465ee728b)  -> (artifact id: '2a863e42f40170f9e67d89f5db7e5a27') in 0.010235 seconds 
========================================================================
Received Import Request.
  Time since last request: 0.000014 seconds.
  path: Assets/Pixel Adventure 1/Assets/Terrain/Teren Joc/Terrain (16x16)_78.asset
  artifactKey: Guid(7d89dd15438eabc4dbc2f3afe7699528) Importer(815301076,1909f56bfc062723c751e8b465ee728b)
Start importing Assets/Pixel Adventure 1/Assets/Terrain/Teren Joc/Terrain (16x16)_78.asset using Guid(7d89dd15438eabc4dbc2f3afe7699528) Importer(815301076,1909f56bfc062723c751e8b465ee728b)  -> (artifact id: '98fca0220c587346325c630972e05dc6') in 0.009466 seconds 
========================================================================
Received Import Request.
  Time since last request: 0.000017 seconds.
  path: Assets/Pixel Adventure 1/Assets/Terrain/Teren Joc/Terrain (16x16)_79.asset
  artifactKey: Guid(84666832f42c69146b73b352ad66a2f7) Importer(815301076,1909f56bfc062723c751e8b465ee728b)
Start importing Assets/Pixel Adventure 1/Assets/Terrain/Teren Joc/Terrain (16x16)_79.asset using Guid(84666832f42c69146b73b352ad66a2f7) Importer(815301076,1909f56bfc062723c751e8b465ee728b)  -> (artifact id: '271becfaf6fefa76fd5fcfa4a0410070') in 0.009390 seconds 
========================================================================
Received Import Request.
  Time since last request: 0.000025 seconds.
  path: Assets/Pixel Adventure 1/Assets/Terrain/Teren Joc/Terrain (16x16)_95.asset
  artifactKey: Guid(c61192b9d6154ea4487780c39a45af68) Importer(815301076,1909f56bfc062723c751e8b465ee728b)
Start importing Assets/Pixel Adventure 1/Assets/Terrain/Teren Joc/Terrain (16x16)_95.asset using Guid(c61192b9d6154ea4487780c39a45af68) Importer(815301076,1909f56bfc062723c751e8b465ee728b)  -> (artifact id: '40fb606b1f927bbe2bb12dee86d6fbb6') in 0.009943 seconds 
========================================================================
Received Import Request.
  Time since last request: 0.000017 seconds.
  path: Assets/Pixel Adventure 1/Assets/Terrain/Teren Joc/Terrain (16x16)_114.asset
  artifactKey: Guid(0b4b234eb1e8a8549bfba3590edccd71) Importer(815301076,1909f56bfc062723c751e8b465ee728b)
Start importing Assets/Pixel Adventure 1/Assets/Terrain/Teren Joc/Terrain (16x16)_114.asset using Guid(0b4b234eb1e8a8549bfba3590edccd71) Importer(815301076,1909f56bfc062723c751e8b465ee728b)  -> (artifact id: 'fef8a942f1dc8b8d7a07882700e7f1fd') in 0.009166 seconds 
========================================================================
Received Import Request.
  Time since last request: 0.000016 seconds.
  path: Assets/Pixel Adventure 1/Assets/Terrain/Teren Joc/Terrain (16x16)_90.asset
  artifactKey: Guid(254d97284269561429b2cc56ae239450) Importer(815301076,1909f56bfc062723c751e8b465ee728b)
Start importing Assets/Pixel Adventure 1/Assets/Terrain/Teren Joc/Terrain (16x16)_90.asset using Guid(254d97284269561429b2cc56ae239450) Importer(815301076,1909f56bfc062723c751e8b465ee728b)  -> (artifact id: '4992e4a2d748e5489a26c449aa8420c1') in 0.009682 seconds 
========================================================================
Received Import Request.
  Time since last request: 0.000017 seconds.
  path: Assets/Pixel Adventure 1/Assets/Terrain/Teren Joc/Terrain (16x16)_74.asset
  artifactKey: Guid(826a4781ac2b8f04499ed221ee261786) Importer(815301076,1909f56bfc062723c751e8b465ee728b)
Start importing Assets/Pixel Adventure 1/Assets/Terrain/Teren Joc/Terrain (16x16)_74.asset using Guid(826a4781ac2b8f04499ed221ee261786) Importer(815301076,1909f56bfc062723c751e8b465ee728b)  -> (artifact id: '397e96a23e116aee9b44ef17f53cb912') in 0.007638 seconds 
========================================================================
Received Import Request.
  Time since last request: 0.000017 seconds.
  path: Assets/Pixel Adventure 1/Assets/Terrain/Teren Joc/Terrain (16x16)_138.asset
  artifactKey: Guid(e701d27e2cd392d438a4cf38239b0da6) Importer(815301076,1909f56bfc062723c751e8b465ee728b)
Start importing Assets/Pixel Adventure 1/Assets/Terrain/Teren Joc/Terrain (16x16)_138.asset using Guid(e701d27e2cd392d438a4cf38239b0da6) Importer(815301076,1909f56bfc062723c751e8b465ee728b)  -> (artifact id: '733fe982160435bf9d66658658c386ea') in 0.008414 seconds 
========================================================================
Received Import Request.
  Time since last request: 0.000015 seconds.
  path: Assets/Pixel Adventure 1/Assets/Terrain/Teren Joc/Terrain (16x16)_123.asset
  artifactKey: Guid(8a215450be4816c45932e98627e7bae8) Importer(815301076,1909f56bfc062723c751e8b465ee728b)
Start importing Assets/Pixel Adventure 1/Assets/Terrain/Teren Joc/Terrain (16x16)_123.asset using Guid(8a215450be4816c45932e98627e7bae8) Importer(815301076,1909f56bfc062723c751e8b465ee728b)  -> (artifact id: '65fb8ec6a36fdc12c2867a71e663860b') in 0.008193 seconds 
========================================================================
Received Import Request.
  Time since last request: 0.000016 seconds.
  path: Assets/Pixel Adventure 1/Assets/Terrain/Teren Joc/Terrain (16x16)_76.asset
  artifactKey: Guid(7e2f8747fe26c194598fe04b511df6f3) Importer(815301076,1909f56bfc062723c751e8b465ee728b)
Start importing Assets/Pixel Adventure 1/Assets/Terrain/Teren Joc/Terrain (16x16)_76.asset using Guid(7e2f8747fe26c194598fe04b511df6f3) Importer(815301076,1909f56bfc062723c751e8b465ee728b)  -> (artifact id: '5e43c21a42ceeb278e71fbeb6997f3ab') in 0.008143 seconds 
========================================================================
Received Import Request.
  Time since last request: 0.000016 seconds.
  path: Assets/Pixel Adventure 1/Assets/Terrain/Teren Joc/Terrain (16x16)_106.asset
  artifactKey: Guid(2d718cf4c1ea35944b4d2c6945e92fea) Importer(815301076,1909f56bfc062723c751e8b465ee728b)
Start importing Assets/Pixel Adventure 1/Assets/Terrain/Teren Joc/Terrain (16x16)_106.asset using Guid(2d718cf4c1ea35944b4d2c6945e92fea) Importer(815301076,1909f56bfc062723c751e8b465ee728b)  -> (artifact id: '1b4b8fa1a6babe78a6c7c70cab779fdd') in 0.008757 seconds 
========================================================================
Received Import Request.
  Time since last request: 0.000020 seconds.
  path: Assets/Pixel Adventure 1/Assets/Terrain/Teren Joc/Terrain (16x16)_81.asset
  artifactKey: Guid(3aa65df112c005346b06cb481ed73a30) Importer(815301076,1909f56bfc062723c751e8b465ee728b)
Start importing Assets/Pixel Adventure 1/Assets/Terrain/Teren Joc/Terrain (16x16)_81.asset using Guid(3aa65df112c005346b06cb481ed73a30) Importer(815301076,1909f56bfc062723c751e8b465ee728b)  -> (artifact id: '06c945b4a58ccf3658b07f22b656bb46') in 0.009284 seconds 
========================================================================
Received Import Request.
  Time since last request: 0.000015 seconds.
  path: Assets/Pixel Adventure 1/Assets/Terrain/Teren Joc/Terrain (16x16)_99.asset
  artifactKey: Guid(682f9e0619b7522428d33b194e0ab7d9) Importer(815301076,1909f56bfc062723c751e8b465ee728b)
Start importing Assets/Pixel Adventure 1/Assets/Terrain/Teren Joc/Terrain (16x16)_99.asset using Guid(682f9e0619b7522428d33b194e0ab7d9) Importer(815301076,1909f56bfc062723c751e8b465ee728b)  -> (artifact id: '2ece10fad0ff978cddeaaf40e9bf08bb') in 0.009787 seconds 
========================================================================
Received Import Request.
  Time since last request: 0.000018 seconds.
  path: Assets/Pixel Adventure 1/Assets/Terrain/Teren Joc/Terrain (16x16)_120.asset
  artifactKey: Guid(2c08bca4a55058a43ad3c85edb8be9dd) Importer(815301076,1909f56bfc062723c751e8b465ee728b)
Start importing Assets/Pixel Adventure 1/Assets/Terrain/Teren Joc/Terrain (16x16)_120.asset using Guid(2c08bca4a55058a43ad3c85edb8be9dd) Importer(815301076,1909f56bfc062723c751e8b465ee728b)  -> (artifact id: '627ae41cc74519c2fae45f4187bff03c') in 0.009388 seconds 
========================================================================
Received Import Request.
  Time since last request: 0.000017 seconds.
  path: Assets/Pixel Adventure 1/Assets/Terrain/Teren Joc/Terrain (16x16)_119.asset
  artifactKey: Guid(988945b133679064fbda1bf6fd7bf499) Importer(815301076,1909f56bfc062723c751e8b465ee728b)
Start importing Assets/Pixel Adventure 1/Assets/Terrain/Teren Joc/Terrain (16x16)_119.asset using Guid(988945b133679064fbda1bf6fd7bf499) Importer(815301076,1909f56bfc062723c751e8b465ee728b)  -> (artifact id: '70cec1293cc63ee5836fba052123af89') in 0.008520 seconds 
========================================================================
Received Import Request.
  Time since last request: 0.000018 seconds.
  path: Assets/Pixel Adventure 1/Assets/Terrain/Teren Joc/Terrain (16x16)_75.asset
  artifactKey: Guid(5374117ac7d1e9b46ba296cf65a27b32) Importer(815301076,1909f56bfc062723c751e8b465ee728b)
Start importing Assets/Pixel Adventure 1/Assets/Terrain/Teren Joc/Terrain (16x16)_75.asset using Guid(5374117ac7d1e9b46ba296cf65a27b32) Importer(815301076,1909f56bfc062723c751e8b465ee728b)  -> (artifact id: 'd9d5043656e5798da4df79a72c4ffc74') in 0.008812 seconds 
========================================================================
Received Import Request.
  Time since last request: 0.000015 seconds.
  path: Assets/Pixel Adventure 1/Assets/Terrain/Teren Joc/Terrain (16x16)_92.asset
  artifactKey: Guid(4de5e1e582dcd9d449a18b5bece41cd1) Importer(815301076,1909f56bfc062723c751e8b465ee728b)
Start importing Assets/Pixel Adventure 1/Assets/Terrain/Teren Joc/Terrain (16x16)_92.asset using Guid(4de5e1e582dcd9d449a18b5bece41cd1) Importer(815301076,1909f56bfc062723c751e8b465ee728b)  -> (artifact id: '3356276ba4166573ff336512f0ae8ca7') in 0.009385 seconds 
========================================================================
Received Import Request.
  Time since last request: 0.000015 seconds.
  path: Assets/Pixel Adventure 1/Assets/Terrain/Teren Joc/Terrain (16x16)_108.asset
  artifactKey: Guid(8e8619eff8f959a4abac1b5be94a5e36) Importer(815301076,1909f56bfc062723c751e8b465ee728b)
Start importing Assets/Pixel Adventure 1/Assets/Terrain/Teren Joc/Terrain (16x16)_108.asset using Guid(8e8619eff8f959a4abac1b5be94a5e36) Importer(815301076,1909f56bfc062723c751e8b465ee728b)  -> (artifact id: '9a67367a7050be75b224950058c5674f') in 0.010717 seconds 
========================================================================
Received Import Request.
  Time since last request: 0.000018 seconds.
  path: Assets/Pixel Adventure 1/Assets/Terrain/Teren Joc/Terrain (16x16)_93.asset
  artifactKey: Guid(092b47c46affc5f4580e42861fa67629) Importer(815301076,1909f56bfc062723c751e8b465ee728b)
Start importing Assets/Pixel Adventure 1/Assets/Terrain/Teren Joc/Terrain (16x16)_93.asset using Guid(092b47c46affc5f4580e42861fa67629) Importer(815301076,1909f56bfc062723c751e8b465ee728b)  -> (artifact id: 'fd0ba35aa67d9f5158619278bcf0f776') in 0.009463 seconds 
========================================================================
Received Import Request.
  Time since last request: 0.000023 seconds.
  path: Assets/Pixel Adventure 1/Assets/Terrain/Teren Joc/Terrain (16x16)_111.asset
  artifactKey: Guid(c4f0cf0f4c338884093385936512376a) Importer(815301076,1909f56bfc062723c751e8b465ee728b)
Start importing Assets/Pixel Adventure 1/Assets/Terrain/Teren Joc/Terrain (16x16)_111.asset using Guid(c4f0cf0f4c338884093385936512376a) Importer(815301076,1909f56bfc062723c751e8b465ee728b)  -> (artifact id: 'a45372c0914f81c169a9cfcb233c50f1') in 0.009479 seconds 
========================================================================
Received Import Request.
  Time since last request: 0.000019 seconds.
  path: Assets/Pixel Adventure 1/Assets/Terrain/Teren Joc/Terrain (16x16)_118.asset
  artifactKey: Guid(f92b032c8e838e540b985fc11f33ee2f) Importer(815301076,1909f56bfc062723c751e8b465ee728b)
Start importing Assets/Pixel Adventure 1/Assets/Terrain/Teren Joc/Terrain (16x16)_118.asset using Guid(f92b032c8e838e540b985fc11f33ee2f) Importer(815301076,1909f56bfc062723c751e8b465ee728b)  -> (artifact id: '96535c959d6df4b6bffa9a391e92e7c4') in 0.008726 seconds 
========================================================================
Received Import Request.
  Time since last request: 0.000021 seconds.
  path: Assets/Pixel Adventure 1/Assets/Terrain/Teren Joc/Terrain (16x16)_136.asset
  artifactKey: Guid(b04cb190163c594438329225d9617fee) Importer(815301076,1909f56bfc062723c751e8b465ee728b)
Start importing Assets/Pixel Adventure 1/Assets/Terrain/Teren Joc/Terrain (16x16)_136.asset using Guid(b04cb190163c594438329225d9617fee) Importer(815301076,1909f56bfc062723c751e8b465ee728b)  -> (artifact id: 'b9ca63009bcb9372f162a8ea937befc5') in 0.009465 seconds 
========================================================================
Received Import Request.
  Time since last request: 0.000017 seconds.
  path: Assets/Pixel Adventure 1/Assets/Terrain/Teren Joc/Terrain (16x16)_105.asset
  artifactKey: Guid(a8996af5be6596340a9f7bfc6ad84a47) Importer(815301076,1909f56bfc062723c751e8b465ee728b)
Start importing Assets/Pixel Adventure 1/Assets/Terrain/Teren Joc/Terrain (16x16)_105.asset using Guid(a8996af5be6596340a9f7bfc6ad84a47) Importer(815301076,1909f56bfc062723c751e8b465ee728b)  -> (artifact id: 'fad2df7e2abcee4a312940bb2908e320') in 0.011969 seconds 
========================================================================
Received Import Request.
  Time since last request: 0.000018 seconds.
  path: Assets/Pixel Adventure 1/Assets/Terrain/Teren Joc/Terrain (16x16)_91.asset
  artifactKey: Guid(77788ed003fe6f6428921b77777f7666) Importer(815301076,1909f56bfc062723c751e8b465ee728b)
Start importing Assets/Pixel Adventure 1/Assets/Terrain/Teren Joc/Terrain (16x16)_91.asset using Guid(77788ed003fe6f6428921b77777f7666) Importer(815301076,1909f56bfc062723c751e8b465ee728b)  -> (artifact id: 'c58990fb0c07935735201e8ae23d99d2') in 0.010528 seconds 
========================================================================
Received Import Request.
  Time since last request: 0.000017 seconds.
  path: Assets/Pixel Adventure 1/Assets/Terrain/Teren Joc/Terrain (16x16)_133.asset
  artifactKey: Guid(a0894aa08bc70ac4faaaad48f14a5c71) Importer(815301076,1909f56bfc062723c751e8b465ee728b)
Start importing Assets/Pixel Adventure 1/Assets/Terrain/Teren Joc/Terrain (16x16)_133.asset using Guid(a0894aa08bc70ac4faaaad48f14a5c71) Importer(815301076,1909f56bfc062723c751e8b465ee728b)  -> (artifact id: '9e6e8c59c8086a75540dd1463a2f31f7') in 0.009998 seconds 
========================================================================
Received Import Request.
  Time since last request: 23.629603 seconds.
  path: Assets/Pixel Adventure 1/Assets/Items/Fruits/Collected.png
  artifactKey: Guid(be1a5bd13766ec048bab6f4c578baa0f) Importer(815301076,1909f56bfc062723c751e8b465ee728b)
Start importing Assets/Pixel Adventure 1/Assets/Items/Fruits/Collected.png using Guid(be1a5bd13766ec048bab6f4c578baa0f) Importer(815301076,1909f56bfc062723c751e8b465ee728b)  -> (artifact id: 'e9ef62a7e69166aaa1cfb8d78484dde6') in 0.027663 seconds 
========================================================================
Received Import Request.
  Time since last request: 0.000017 seconds.
  path: Assets/Pixel Adventure 1/Assets/Items/Fruits/Strawberry.png
  artifactKey: Guid(a2c110585eb710b408972fbc3b96136d) Importer(815301076,1909f56bfc062723c751e8b465ee728b)
Start importing Assets/Pixel Adventure 1/Assets/Items/Fruits/Strawberry.png using Guid(a2c110585eb710b408972fbc3b96136d) Importer(815301076,1909f56bfc062723c751e8b465ee728b)  -> (artifact id: '9a17807b0f2f8635b2cfe08610ed6993') in 0.041948 seconds 
Editor requested this worker to shutdown with reason: Scaling down because of idle timeout
AssetImportWorker is now disconnected from the server
Process exiting
Exiting without the bug reporter. Application will terminate with return code 0