Using pre-set license
Built from '2021.3/staging' branch; Version is '2021.3.1f1 (3b70a0754835) revision 3895456'; Using compiler version '192829333'; Build Type 'Release'
OS: 'Windows 10  (10.0.19043) 64bit Professional' Language: 'en' Physical Memory: 81827 MB
BatchMode: 1, IsHumanControllingUs: 0, StartBugReporterOnCrash: 0, Is64bit: 1, IsPro: 1

COMMAND LINE ARGUMENTS:
C:\Program Files\Unity\Hub\Editor\2021.3.1f1\Editor\Unity.exe
-adb2
-batchMode
-noUpm
-name
AssetImportWorker12
-projectPath
C:/Users/dobre/TheThing
-logFile
Logs/AssetImportWorker12.log
-srvPort
59029
Successfully changed project path to: C:/Users/dobre/TheThing
C:/Users/dobre/TheThing
[UnityMemory] Configuration Parameters - Can be set up in boot.config
    "memorysetup-bucket-allocator-granularity=16"
    "memorysetup-bucket-allocator-bucket-count=8"
    "memorysetup-bucket-allocator-block-size=33554432"
    "memorysetup-bucket-allocator-block-count=8"
    "memorysetup-main-allocator-block-size=16777216"
    "memorysetup-thread-allocator-block-size=16777216"
    "memorysetup-gfx-main-allocator-block-size=16777216"
    "memorysetup-gfx-thread-allocator-block-size=16777216"
    "memorysetup-cache-allocator-block-size=4194304"
    "memorysetup-typetree-allocator-block-size=2097152"
    "memorysetup-profiler-bucket-allocator-granularity=16"
    "memorysetup-profiler-bucket-allocator-bucket-count=8"
    "memorysetup-profiler-bucket-allocator-block-size=33554432"
    "memorysetup-profiler-bucket-allocator-block-count=8"
    "memorysetup-profiler-allocator-block-size=16777216"
    "memorysetup-profiler-editor-allocator-block-size=1048576"
    "memorysetup-temp-allocator-size-main=16777216"
    "memorysetup-job-temp-allocator-block-size=2097152"
    "memorysetup-job-temp-allocator-block-size-background=1048576"
    "memorysetup-job-temp-allocator-reduction-small-platforms=262144"
    "memorysetup-temp-allocator-size-background-worker=32768"
    "memorysetup-temp-allocator-size-job-worker=262144"
    "memorysetup-temp-allocator-size-preload-manager=33554432"
    "memorysetup-temp-allocator-size-nav-mesh-worker=65536"
    "memorysetup-temp-allocator-size-audio-worker=65536"
    "memorysetup-temp-allocator-size-cloud-worker=32768"
    "memorysetup-temp-allocator-size-gi-baking-worker=262144"
    "memorysetup-temp-allocator-size-gfx=262144"
Refreshing native plugins compatible for Editor in 87.38 ms, found 4 plugins.
Preloading 0 native plugins for Editor in 0.00 ms.
Initialize engine version: 2021.3.1f1 (3b70a0754835)
[Subsystems] Discovering subsystems at path C:/Program Files/Unity/Hub/Editor/2021.3.1f1/Editor/Data/Resources/UnitySubsystems
[Subsystems] Discovering subsystems at path C:/Users/dobre/TheThing/Assets
GfxDevice: creating device client; threaded=0; jobified=0
Direct3D:
    Version:  Direct3D 11.0 [level 11.1]
    Renderer: AMD Radeon RX 6900 XT (ID=0x73bf)
    Vendor:   ATI
    VRAM:     16339 MB
    Driver:   27.20.14501.28009
Initialize mono
Mono path[0] = 'C:/Program Files/Unity/Hub/Editor/2021.3.1f1/Editor/Data/Managed'
Mono path[1] = 'C:/Program Files/Unity/Hub/Editor/2021.3.1f1/Editor/Data/MonoBleedingEdge/lib/mono/unityjit-win32'
Mono config path = 'C:/Program Files/Unity/Hub/Editor/2021.3.1f1/Editor/Data/MonoBleedingEdge/etc'
Using monoOptions --debugger-agent=transport=dt_socket,embedding=1,server=y,suspend=n,address=127.0.0.1:56660
Begin MonoManager ReloadAssembly
Registering precompiled unity dll's ...
Register platform support module: C:/Program Files/Unity/Hub/Editor/2021.3.1f1/Editor/Data/PlaybackEngines/WebGLSupport/UnityEditor.WebGL.Extensions.dll
Register platform support module: C:/Program Files/Unity/Hub/Editor/2021.3.1f1/Editor/Data/PlaybackEngines/WindowsStandaloneSupport/UnityEditor.WindowsStandalone.Extensions.dll
Registered in 0.009358 seconds.
Native extension for WindowsStandalone target not found
Native extension for WebGL target not found
Refreshing native plugins compatible for Editor in 88.53 ms, found 4 plugins.
Preloading 0 native plugins for Editor in 0.00 ms.
Mono: successfully reloaded assembly
- Completed reload, in  0.584 seconds
Domain Reload Profiling:
	ReloadAssembly (584ms)
		BeginReloadAssembly (66ms)
			ExecutionOrderSort (0ms)
			DisableScriptedObjects (0ms)
			BackupInstance (0ms)
			ReleaseScriptingObjects (0ms)
			CreateAndSetChildDomain (1ms)
		EndReloadAssembly (420ms)
			LoadAssemblies (64ms)
			RebuildTransferFunctionScriptingTraits (0ms)
			SetupTypeCache (89ms)
			ReleaseScriptCaches (0ms)
			RebuildScriptCaches (22ms)
			SetupLoadedEditorAssemblies (261ms)
				LogAssemblyErrors (0ms)
				InitializePlatformSupportModulesInManaged (11ms)
				SetLoadedEditorAssemblies (0ms)
				RefreshPlugins (89ms)
				BeforeProcessingInitializeOnLoad (1ms)
				ProcessInitializeOnLoadAttributes (124ms)
				ProcessInitializeOnLoadMethodAttributes (35ms)
				AfterProcessingInitializeOnLoad (0ms)
				EditorAssembliesLoaded (0ms)
			ExecutionOrderSort2 (0ms)
			AwakeInstancesAfterBackupRestoration (0ms)
Platform modules already initialized, skipping
Registering precompiled user dll's ...
Registered in 0.009820 seconds.
Begin MonoManager ReloadAssembly
Symbol file LoadedFromMemory doesn't match image C:\Users\dobre\TheThing\Library\PackageCache\com.unity.visualscripting@1.7.6\Editor\VisualScripting.Core\Dependencies\YamlDotNet\Unity.VisualScripting.YamlDotNet.dll
Symbol file LoadedFromMemory is not a mono symbol file
Symbol file LoadedFromMemory doesn't match image C:\Users\dobre\TheThing\Library\PackageCache\com.unity.visualscripting@1.7.6\Editor\VisualScripting.Core\Dependencies\DotNetZip\Unity.VisualScripting.IonicZip.dll
Native extension for WindowsStandalone target not found
Native extension for WebGL target not found
Refreshing native plugins compatible for Editor in 73.14 ms, found 4 plugins.
Preloading 0 native plugins for Editor in 0.00 ms.
Mono: successfully reloaded assembly
- Completed reload, in  0.932 seconds
Domain Reload Profiling:
	ReloadAssembly (932ms)
		BeginReloadAssembly (96ms)
			ExecutionOrderSort (0ms)
			DisableScriptedObjects (5ms)
			BackupInstance (0ms)
			ReleaseScriptingObjects (0ms)
			CreateAndSetChildDomain (19ms)
		EndReloadAssembly (736ms)
			LoadAssemblies (81ms)
			RebuildTransferFunctionScriptingTraits (0ms)
			SetupTypeCache (175ms)
			ReleaseScriptCaches (1ms)
			RebuildScriptCaches (43ms)
			SetupLoadedEditorAssemblies (396ms)
				LogAssemblyErrors (0ms)
				InitializePlatformSupportModulesInManaged (6ms)
				SetLoadedEditorAssemblies (0ms)
				RefreshPlugins (73ms)
				BeforeProcessingInitializeOnLoad (78ms)
				ProcessInitializeOnLoadAttributes (185ms)
				ProcessInitializeOnLoadMethodAttributes (41ms)
				AfterProcessingInitializeOnLoad (13ms)
				EditorAssembliesLoaded (0ms)
			ExecutionOrderSort2 (0ms)
			AwakeInstancesAfterBackupRestoration (6ms)
Platform modules already initialized, skipping
========================================================================
Worker process is ready to serve import requests
Launched and connected shader compiler UnityShaderCompiler.exe after 0.07 seconds
Refreshing native plugins compatible for Editor in 0.94 ms, found 4 plugins.
Preloading 0 native plugins for Editor in 0.00 ms.
Unloading 3935 Unused Serialized files (Serialized files now loaded: 0)
Unloading 40 unused Assets / (226.1 KB). Loaded Objects now: 4390.
Memory consumption went from 150.2 MB to 150.0 MB.
Total: 3.369400 ms (FindLiveObjects: 0.339900 ms CreateObjectMapping: 0.220300 ms MarkObjects: 2.651300 ms  DeleteObjects: 0.157200 ms)

AssetImportParameters requested are different than current active one (requested -> active):
  custom:video-decoder-ogg-theora: a1e56fd34408186e4bbccfd4996cb3dc -> 
  custom:container-muxer-webm: aa71ff27fc2769a1b78a27578f13a17b -> 
  custom:container-demuxer-webm: 4f35f7cbe854078d1ac9338744f61a02 -> 
  custom:video-encoder-webm-vp8: eb34c28f22e8b96e1ab97ce403110664 -> 
  custom:audio-encoder-webm-vorbis: bf7c407c2cedff20999df2af8eb42d56 -> 
  custom:framework-win-MediaFoundation: 216162199b28c13a410421893ffa2e32 -> 
  custom:container-demuxer-ogg: 62fdf1f143b41e24485cea50d1cbac27 -> 
  custom:video-decoder-webm-vp8: 9c59270c3fd7afecdb556c50c9e8de78 -> 
  custom:audio-decoder-ogg-vorbis: bf7c407c2cedff20999df2af8eb42d56 -> 
========================================================================
Received Import Request.
  Time since last request: 673544.610159 seconds.
  path: Assets/Pixel Adventure 1/Assets/Items/Checkpoints/Checkpoint/Checkpoint (No Flag).png
  artifactKey: Guid(68f54e5fc0fa326458d3e18bdccce704) Importer(815301076,1909f56bfc062723c751e8b465ee728b)
Start importing Assets/Pixel Adventure 1/Assets/Items/Checkpoints/Checkpoint/Checkpoint (No Flag).png using Guid(68f54e5fc0fa326458d3e18bdccce704) Importer(815301076,1909f56bfc062723c751e8b465ee728b)  -> (artifact id: '74bd52e39ab89f44783a0de12a19cc56') in 0.118745 seconds 
========================================================================
Received Import Request.
  Time since last request: 13.492068 seconds.
  path: Assets/Pixel Adventure 1/Assets/Items/Fruits/Cherries.png
  artifactKey: Guid(3d6be91968cb95546ac95aeff5e52f84) Importer(815301076,1909f56bfc062723c751e8b465ee728b)
Start importing Assets/Pixel Adventure 1/Assets/Items/Fruits/Cherries.png using Guid(3d6be91968cb95546ac95aeff5e52f84) Importer(815301076,1909f56bfc062723c751e8b465ee728b)  -> (artifact id: 'aa3cc6800ba98c698f97c2546db6f6be') in 0.075694 seconds 
========================================================================
Received Import Request.
  Time since last request: 48.531909 seconds.
  path: Assets/Pixel Adventure 1/Assets/Items/Boxes/Box2/Idle.png
  artifactKey: Guid(f7472d29deaa7414abffd38318319096) Importer(815301076,1909f56bfc062723c751e8b465ee728b)
Start importing Assets/Pixel Adventure 1/Assets/Items/Boxes/Box2/Idle.png using Guid(f7472d29deaa7414abffd38318319096) Importer(815301076,1909f56bfc062723c751e8b465ee728b)  -> (artifact id: '4277cf99943b2d9189df5941aea4ebb5') in 0.010392 seconds 
========================================================================
Received Import Request.
  Time since last request: 2.306814 seconds.
  path: Assets/Pixel Adventure 1/Assets/Items/Boxes/Box3/Idle.png
  artifactKey: Guid(bcb85d05bbdb8a2468fe865da75a2795) Importer(815301076,1909f56bfc062723c751e8b465ee728b)
Start importing Assets/Pixel Adventure 1/Assets/Items/Boxes/Box3/Idle.png using Guid(bcb85d05bbdb8a2468fe865da75a2795) Importer(815301076,1909f56bfc062723c751e8b465ee728b)  -> (artifact id: '3255970aaffe582266780d867aedf140') in 0.011633 seconds 
========================================================================
Received Import Request.
  Time since last request: 21.956994 seconds.
  path: Assets/Pixel Adventure 2/Assets/Enemies/Bee/Bullet.png
  artifactKey: Guid(669ef922a468d184489d2a28b0f84bb0) Importer(815301076,1909f56bfc062723c751e8b465ee728b)
Start importing Assets/Pixel Adventure 2/Assets/Enemies/Bee/Bullet.png using Guid(669ef922a468d184489d2a28b0f84bb0) Importer(815301076,1909f56bfc062723c751e8b465ee728b)  -> (artifact id: 'f6201dff825c8131f2d9b627ba868de1') in 0.013558 seconds 
========================================================================
Received Import Request.
  Time since last request: 0.398547 seconds.
  path: Assets/Pixel Adventure 2/Assets/Enemies/Duck/Idle (36x36).png
  artifactKey: Guid(35e086690f09c9f46aa162a5be5a4133) Importer(815301076,1909f56bfc062723c751e8b465ee728b)
Start importing Assets/Pixel Adventure 2/Assets/Enemies/Duck/Idle (36x36).png using Guid(35e086690f09c9f46aa162a5be5a4133) Importer(815301076,1909f56bfc062723c751e8b465ee728b)  -> (artifact id: '5a6f78af82e58d7d511b3c78429ed59e') in 0.028985 seconds 
========================================================================
Received Import Request.
  Time since last request: 2.284151 seconds.
  path: Assets/Pixel Adventure 2/Assets/Enemies/Turtle/Idle 2 (44x26).png
  artifactKey: Guid(a9c658600a401f347888cfd916603aa4) Importer(815301076,1909f56bfc062723c751e8b465ee728b)
Start importing Assets/Pixel Adventure 2/Assets/Enemies/Turtle/Idle 2 (44x26).png using Guid(a9c658600a401f347888cfd916603aa4) Importer(815301076,1909f56bfc062723c751e8b465ee728b)  -> (artifact id: '27897d903f4678e152a161c8eff6c589') in 0.031788 seconds 
========================================================================
Received Import Request.
  Time since last request: 0.635289 seconds.
  path: Assets/Pixel Adventure 2/Assets/Enemies/Trunk/Bullet.png
  artifactKey: Guid(f817ba5aabd773e4f914480bdd62d0c8) Importer(815301076,1909f56bfc062723c751e8b465ee728b)
Start importing Assets/Pixel Adventure 2/Assets/Enemies/Trunk/Bullet.png using Guid(f817ba5aabd773e4f914480bdd62d0c8) Importer(815301076,1909f56bfc062723c751e8b465ee728b)  -> (artifact id: 'e34d711cfa8dc9960dfd7e47761ced4f') in 0.010969 seconds 
========================================================================
Received Import Request.
  Time since last request: 0.000019 seconds.
  path: Assets/Pixel Adventure 2/Assets/Enemies/Trunk/Run (64x32).png
  artifactKey: Guid(daf3a34e52af9394d953d7b098baacc1) Importer(815301076,1909f56bfc062723c751e8b465ee728b)
Start importing Assets/Pixel Adventure 2/Assets/Enemies/Trunk/Run (64x32).png using Guid(daf3a34e52af9394d953d7b098baacc1) Importer(815301076,1909f56bfc062723c751e8b465ee728b)  -> (artifact id: 'fb54235447eca63df65ee12018ef6830') in 0.033428 seconds 
========================================================================
Received Import Request.
  Time since last request: 0.210215 seconds.
  path: Assets/Pixel Adventure 2/Assets/Enemies/Snail/Shell Idle (38x24).png
  artifactKey: Guid(4c94a2511c19b0c4f99ce29c30d9ee7a) Importer(815301076,1909f56bfc062723c751e8b465ee728b)
Start importing Assets/Pixel Adventure 2/Assets/Enemies/Snail/Shell Idle (38x24).png using Guid(4c94a2511c19b0c4f99ce29c30d9ee7a) Importer(815301076,1909f56bfc062723c751e8b465ee728b)  -> (artifact id: '016dba407bae903ca31789e84a653c20') in 0.017321 seconds 
========================================================================
Received Import Request.
  Time since last request: 0.000013 seconds.
  path: Assets/Pixel Adventure 2/Assets/Enemies/Snail/Walk (38x24).png
  artifactKey: Guid(505391a19bb05954ea44a8929a7104ec) Importer(815301076,1909f56bfc062723c751e8b465ee728b)
Start importing Assets/Pixel Adventure 2/Assets/Enemies/Snail/Walk (38x24).png using Guid(505391a19bb05954ea44a8929a7104ec) Importer(815301076,1909f56bfc062723c751e8b465ee728b)  -> (artifact id: '9ed3e00c27d385a4a2e5911d28bf3742') in 0.026665 seconds 
========================================================================
Received Import Request.
  Time since last request: 0.108272 seconds.
  path: Assets/Pixel Adventure 2/Assets/Enemies/Slime/Particles (16x16).png
  artifactKey: Guid(f2327ba2ad755d74682ebf3174417e5c) Importer(815301076,1909f56bfc062723c751e8b465ee728b)
Start importing Assets/Pixel Adventure 2/Assets/Enemies/Slime/Particles (16x16).png using Guid(f2327ba2ad755d74682ebf3174417e5c) Importer(815301076,1909f56bfc062723c751e8b465ee728b)  -> (artifact id: '921927d9746fc2c72d1a01d68535e6dc') in 0.014718 seconds 
========================================================================
Received Import Request.
  Time since last request: 0.112753 seconds.
  path: Assets/Pixel Adventure 2/Assets/Enemies/Skull/Hit Wall 2 (52x54).png
  artifactKey: Guid(37b1ba7ffc549af49af9b9327b6f897d) Importer(815301076,1909f56bfc062723c751e8b465ee728b)
Start importing Assets/Pixel Adventure 2/Assets/Enemies/Skull/Hit Wall 2 (52x54).png using Guid(37b1ba7ffc549af49af9b9327b6f897d) Importer(815301076,1909f56bfc062723c751e8b465ee728b)  -> (artifact id: 'd9fb48157736062b1661d44fe95996e1') in 0.020122 seconds 
========================================================================
Received Import Request.
  Time since last request: 0.000016 seconds.
  path: Assets/Pixel Adventure 2/Assets/Enemies/Skull/Orange Particle.png
  artifactKey: Guid(d7495c5e35505cb47abb635609d9e934) Importer(815301076,1909f56bfc062723c751e8b465ee728b)
Start importing Assets/Pixel Adventure 2/Assets/Enemies/Skull/Orange Particle.png using Guid(d7495c5e35505cb47abb635609d9e934) Importer(815301076,1909f56bfc062723c751e8b465ee728b)  -> (artifact id: '64d6f61230e1eb39a3ea6b386458279f') in 0.010352 seconds 
========================================================================
Received Import Request.
  Time since last request: 0.105180 seconds.
  path: Assets/Pixel Adventure 2/Assets/Enemies/Rocks/Rock1_Run (38x34).png
  artifactKey: Guid(d1c070b3909c48f449d850c642705e8f) Importer(815301076,1909f56bfc062723c751e8b465ee728b)
Start importing Assets/Pixel Adventure 2/Assets/Enemies/Rocks/Rock1_Run (38x34).png using Guid(d1c070b3909c48f449d850c642705e8f) Importer(815301076,1909f56bfc062723c751e8b465ee728b)  -> (artifact id: 'f550daf575a9355ac5b5d4a67d7bd669') in 0.040835 seconds 
========================================================================
Received Import Request.
  Time since last request: 0.000018 seconds.
  path: Assets/Pixel Adventure 2/Assets/Enemies/Rocks/Rock2_Run (32x28).png
  artifactKey: Guid(341181c8b3919d64b850c988c806bd91) Importer(815301076,1909f56bfc062723c751e8b465ee728b)
Start importing Assets/Pixel Adventure 2/Assets/Enemies/Rocks/Rock2_Run (32x28).png using Guid(341181c8b3919d64b850c988c806bd91) Importer(815301076,1909f56bfc062723c751e8b465ee728b)  -> (artifact id: 'ce4ad8c97dab492fc4fb408894ff6956') in 0.031086 seconds 
========================================================================
Received Import Request.
  Time since last request: 0.059368 seconds.
  path: Assets/Pixel Adventure 2/Assets/Enemies/Radish/Idle 2 (30x38).png
  artifactKey: Guid(25a8550c1c9d550409ba5345a9a97ad2) Importer(815301076,1909f56bfc062723c751e8b465ee728b)
Start importing Assets/Pixel Adventure 2/Assets/Enemies/Radish/Idle 2 (30x38).png using Guid(25a8550c1c9d550409ba5345a9a97ad2) Importer(815301076,1909f56bfc062723c751e8b465ee728b)  -> (artifact id: '3d1488448923d12b1b1945c027d41ca8') in 0.022545 seconds 
========================================================================
Received Import Request.
  Time since last request: 0.806899 seconds.
  path: Assets/Pixel Adventure 2/Assets/Enemies/Plant/Bullet.png
  artifactKey: Guid(d700391178f61c3488cd257e7e7a81bf) Importer(815301076,1909f56bfc062723c751e8b465ee728b)
Start importing Assets/Pixel Adventure 2/Assets/Enemies/Plant/Bullet.png using Guid(d700391178f61c3488cd257e7e7a81bf) Importer(815301076,1909f56bfc062723c751e8b465ee728b)  -> (artifact id: '3a5da181c74784dd3b07955debd6fa6a') in 0.012076 seconds 
========================================================================
Received Import Request.
  Time since last request: 0.126869 seconds.
  path: Assets/Pixel Adventure 2/Assets/Enemies/Mushroom/Run (32x32).png
  artifactKey: Guid(4de760c38ab41314bbdcfb6943023452) Importer(815301076,1909f56bfc062723c751e8b465ee728b)
Start importing Assets/Pixel Adventure 2/Assets/Enemies/Mushroom/Run (32x32).png using Guid(4de760c38ab41314bbdcfb6943023452) Importer(815301076,1909f56bfc062723c751e8b465ee728b)  -> (artifact id: '76f0297c37b7d82cdc8c27a9457fe52c') in 0.033318 seconds 
========================================================================
Received Import Request.
  Time since last request: 0.126965 seconds.
  path: Assets/Pixel Adventure 2/Assets/Enemies/Ghost/Gost Particles (16x16).png
  artifactKey: Guid(14048ba4b41a50449a2a86a01088f5e2) Importer(815301076,1909f56bfc062723c751e8b465ee728b)
Start importing Assets/Pixel Adventure 2/Assets/Enemies/Ghost/Gost Particles (16x16).png using Guid(14048ba4b41a50449a2a86a01088f5e2) Importer(815301076,1909f56bfc062723c751e8b465ee728b)  -> (artifact id: '26d1088c53e0f79a30a2a896c2ffc34f') in 0.016613 seconds 
========================================================================
Received Import Request.
  Time since last request: 0.538283 seconds.
  path: Assets/Pixel Adventure 2/Assets/Enemies/Chicken/Run (32x34).png
  artifactKey: Guid(505531a920a60324aa02b4ed57eba7a3) Importer(815301076,1909f56bfc062723c751e8b465ee728b)
Start importing Assets/Pixel Adventure 2/Assets/Enemies/Chicken/Run (32x34).png using Guid(505531a920a60324aa02b4ed57eba7a3) Importer(815301076,1909f56bfc062723c751e8b465ee728b)  -> (artifact id: 'c4efad85736a15bf481af6c4e9f5809a') in 0.028437 seconds 
========================================================================
Received Import Request.
  Time since last request: 0.131571 seconds.
  path: Assets/Pixel Adventure 2/Assets/Enemies/Chameleon/Idle (84x38).png
  artifactKey: Guid(43f6bb244a62313438cda197a8e07007) Importer(815301076,1909f56bfc062723c751e8b465ee728b)
Start importing Assets/Pixel Adventure 2/Assets/Enemies/Chameleon/Idle (84x38).png using Guid(43f6bb244a62313438cda197a8e07007) Importer(815301076,1909f56bfc062723c751e8b465ee728b)  -> (artifact id: '7b8a80ddf3e8a3c807034de8877cec9d') in 0.037709 seconds 
========================================================================
Received Import Request.
  Time since last request: 0.144291 seconds.
  path: Assets/Pixel Adventure 2/Assets/Enemies/Bunny/Idle (34x44).png
  artifactKey: Guid(070a0fea8d7c56647b4a4a1bf7feb63e) Importer(815301076,1909f56bfc062723c751e8b465ee728b)
Start importing Assets/Pixel Adventure 2/Assets/Enemies/Bunny/Idle (34x44).png using Guid(070a0fea8d7c56647b4a4a1bf7feb63e) Importer(815301076,1909f56bfc062723c751e8b465ee728b)  -> (artifact id: '98a7a2de79f55087e1111eca880e8f44') in 0.021618 seconds 
========================================================================
Received Import Request.
  Time since last request: 0.600247 seconds.
  path: Assets/Pixel Adventure 2/Assets/Enemies/Bat/Flying (46x30).png
  artifactKey: Guid(d2de0d5d65de6fe4c819bae5f4e4c117) Importer(815301076,1909f56bfc062723c751e8b465ee728b)
Start importing Assets/Pixel Adventure 2/Assets/Enemies/Bat/Flying (46x30).png using Guid(d2de0d5d65de6fe4c819bae5f4e4c117) Importer(815301076,1909f56bfc062723c751e8b465ee728b)  -> (artifact id: '1b575ae09cbace2df1849e57e44b9dac') in 0.021188 seconds 
Editor requested this worker to shutdown with reason: Scaling down because of idle timeout
AssetImportWorker is now disconnected from the server
Process exiting
Exiting without the bug reporter. Application will terminate with return code 0