Using pre-set license
Built from '2021.3/staging' branch; Version is '2021.3.1f1 (3b70a0754835) revision 3895456'; Using compiler version '192829333'; Build Type 'Release'
OS: 'Windows 10  (10.0.19043) 64bit Professional' Language: 'en' Physical Memory: 81827 MB
BatchMode: 1, IsHumanControllingUs: 0, StartBugReporterOnCrash: 0, Is64bit: 1, IsPro: 1

COMMAND LINE ARGUMENTS:
C:\Program Files\Unity\Hub\Editor\2021.3.1f1\Editor\Unity.exe
-adb2
-batchMode
-noUpm
-name
AssetImportWorker2
-projectPath
C:/Users/dobre/The-Thing/The Thing
-logFile
Logs/AssetImportWorker2.log
-srvPort
60788
Successfully changed project path to: C:/Users/dobre/The-Thing/The Thing
C:/Users/dobre/The-Thing/The Thing
[UnityMemory] Configuration Parameters - Can be set up in boot.config
    "memorysetup-bucket-allocator-granularity=16"
    "memorysetup-bucket-allocator-bucket-count=8"
    "memorysetup-bucket-allocator-block-size=33554432"
    "memorysetup-bucket-allocator-block-count=8"
    "memorysetup-main-allocator-block-size=16777216"
    "memorysetup-thread-allocator-block-size=16777216"
    "memorysetup-gfx-main-allocator-block-size=16777216"
    "memorysetup-gfx-thread-allocator-block-size=16777216"
    "memorysetup-cache-allocator-block-size=4194304"
    "memorysetup-typetree-allocator-block-size=2097152"
    "memorysetup-profiler-bucket-allocator-granularity=16"
    "memorysetup-profiler-bucket-allocator-bucket-count=8"
    "memorysetup-profiler-bucket-allocator-block-size=33554432"
    "memorysetup-profiler-bucket-allocator-block-count=8"
    "memorysetup-profiler-allocator-block-size=16777216"
    "memorysetup-profiler-editor-allocator-block-size=1048576"
    "memorysetup-temp-allocator-size-main=16777216"
    "memorysetup-job-temp-allocator-block-size=2097152"
    "memorysetup-job-temp-allocator-block-size-background=1048576"
    "memorysetup-job-temp-allocator-reduction-small-platforms=262144"
    "memorysetup-temp-allocator-size-background-worker=32768"
    "memorysetup-temp-allocator-size-job-worker=262144"
    "memorysetup-temp-allocator-size-preload-manager=33554432"
    "memorysetup-temp-allocator-size-nav-mesh-worker=65536"
    "memorysetup-temp-allocator-size-audio-worker=65536"
    "memorysetup-temp-allocator-size-cloud-worker=32768"
    "memorysetup-temp-allocator-size-gi-baking-worker=262144"
    "memorysetup-temp-allocator-size-gfx=262144"
Refreshing native plugins compatible for Editor in 73.88 ms, found 4 plugins.
Preloading 0 native plugins for Editor in 0.00 ms.
Initialize engine version: 2021.3.1f1 (3b70a0754835)
[Subsystems] Discovering subsystems at path C:/Program Files/Unity/Hub/Editor/2021.3.1f1/Editor/Data/Resources/UnitySubsystems
[Subsystems] Discovering subsystems at path C:/Users/dobre/The-Thing/The Thing/Assets
GfxDevice: creating device client; threaded=0; jobified=0
Direct3D:
    Version:  Direct3D 11.0 [level 11.1]
    Renderer: AMD Radeon RX 6900 XT (ID=0x73bf)
    Vendor:   ATI
    VRAM:     16339 MB
    Driver:   27.20.14501.28009
Initialize mono
Mono path[0] = 'C:/Program Files/Unity/Hub/Editor/2021.3.1f1/Editor/Data/Managed'
Mono path[1] = 'C:/Program Files/Unity/Hub/Editor/2021.3.1f1/Editor/Data/MonoBleedingEdge/lib/mono/unityjit-win32'
Mono config path = 'C:/Program Files/Unity/Hub/Editor/2021.3.1f1/Editor/Data/MonoBleedingEdge/etc'
Using monoOptions --debugger-agent=transport=dt_socket,embedding=1,server=y,suspend=n,address=127.0.0.1:56832
Begin MonoManager ReloadAssembly
Registering precompiled unity dll's ...
Register platform support module: C:/Program Files/Unity/Hub/Editor/2021.3.1f1/Editor/Data/PlaybackEngines/WebGLSupport/UnityEditor.WebGL.Extensions.dll
Register platform support module: C:/Program Files/Unity/Hub/Editor/2021.3.1f1/Editor/Data/PlaybackEngines/WindowsStandaloneSupport/UnityEditor.WindowsStandalone.Extensions.dll
Registered in 0.007161 seconds.
Native extension for WindowsStandalone target not found
Native extension for WebGL target not found
Refreshing native plugins compatible for Editor in 75.37 ms, found 4 plugins.
Preloading 0 native plugins for Editor in 0.00 ms.
Mono: successfully reloaded assembly
- Completed reload, in  0.510 seconds
Domain Reload Profiling:
	ReloadAssembly (510ms)
		BeginReloadAssembly (59ms)
			ExecutionOrderSort (0ms)
			DisableScriptedObjects (0ms)
			BackupInstance (0ms)
			ReleaseScriptingObjects (0ms)
			CreateAndSetChildDomain (1ms)
		EndReloadAssembly (360ms)
			LoadAssemblies (57ms)
			RebuildTransferFunctionScriptingTraits (0ms)
			SetupTypeCache (74ms)
			ReleaseScriptCaches (0ms)
			RebuildScriptCaches (21ms)
			SetupLoadedEditorAssemblies (226ms)
				LogAssemblyErrors (0ms)
				InitializePlatformSupportModulesInManaged (8ms)
				SetLoadedEditorAssemblies (0ms)
				RefreshPlugins (75ms)
				BeforeProcessingInitializeOnLoad (1ms)
				ProcessInitializeOnLoadAttributes (109ms)
				ProcessInitializeOnLoadMethodAttributes (33ms)
				AfterProcessingInitializeOnLoad (0ms)
				EditorAssembliesLoaded (0ms)
			ExecutionOrderSort2 (0ms)
			AwakeInstancesAfterBackupRestoration (0ms)
Platform modules already initialized, skipping
Registering precompiled user dll's ...
Registered in 0.006062 seconds.
Begin MonoManager ReloadAssembly
Symbol file LoadedFromMemory doesn't match image C:\Users\dobre\The-Thing\The Thing\Library\PackageCache\com.unity.visualscripting@1.7.6\Editor\VisualScripting.Core\Dependencies\YamlDotNet\Unity.VisualScripting.YamlDotNet.dll
Symbol file LoadedFromMemory is not a mono symbol file
Symbol file LoadedFromMemory doesn't match image C:\Users\dobre\The-Thing\The Thing\Library\PackageCache\com.unity.visualscripting@1.7.6\Editor\VisualScripting.Core\Dependencies\DotNetZip\Unity.VisualScripting.IonicZip.dll
Native extension for WindowsStandalone target not found
Native extension for WebGL target not found
Refreshing native plugins compatible for Editor in 76.70 ms, found 4 plugins.
Preloading 0 native plugins for Editor in 0.00 ms.
Mono: successfully reloaded assembly
- Completed reload, in  0.907 seconds
Domain Reload Profiling:
	ReloadAssembly (908ms)
		BeginReloadAssembly (90ms)
			ExecutionOrderSort (0ms)
			DisableScriptedObjects (5ms)
			BackupInstance (0ms)
			ReleaseScriptingObjects (0ms)
			CreateAndSetChildDomain (18ms)
		EndReloadAssembly (726ms)
			LoadAssemblies (77ms)
			RebuildTransferFunctionScriptingTraits (0ms)
			SetupTypeCache (177ms)
			ReleaseScriptCaches (1ms)
			RebuildScriptCaches (48ms)
			SetupLoadedEditorAssemblies (381ms)
				LogAssemblyErrors (0ms)
				InitializePlatformSupportModulesInManaged (6ms)
				SetLoadedEditorAssemblies (0ms)
				RefreshPlugins (77ms)
				BeforeProcessingInitializeOnLoad (83ms)
				ProcessInitializeOnLoadAttributes (177ms)
				ProcessInitializeOnLoadMethodAttributes (31ms)
				AfterProcessingInitializeOnLoad (7ms)
				EditorAssembliesLoaded (0ms)
			ExecutionOrderSort2 (0ms)
			AwakeInstancesAfterBackupRestoration (5ms)
Platform modules already initialized, skipping
========================================================================
Worker process is ready to serve import requests
Launched and connected shader compiler UnityShaderCompiler.exe after 0.04 seconds
Refreshing native plugins compatible for Editor in 0.92 ms, found 4 plugins.
Preloading 0 native plugins for Editor in 0.00 ms.
Unloading 3934 Unused Serialized files (Serialized files now loaded: 0)
Unloading 40 unused Assets / (226.0 KB). Loaded Objects now: 4389.
Memory consumption went from 149.8 MB to 149.5 MB.
Total: 3.597400 ms (FindLiveObjects: 0.306400 ms CreateObjectMapping: 0.184300 ms MarkObjects: 2.944100 ms  DeleteObjects: 0.161600 ms)

AssetImportParameters requested are different than current active one (requested -> active):
  custom:video-decoder-ogg-theora: a1e56fd34408186e4bbccfd4996cb3dc -> 
  custom:container-muxer-webm: aa71ff27fc2769a1b78a27578f13a17b -> 
  custom:container-demuxer-webm: 4f35f7cbe854078d1ac9338744f61a02 -> 
  custom:video-encoder-webm-vp8: eb34c28f22e8b96e1ab97ce403110664 -> 
  custom:audio-encoder-webm-vorbis: bf7c407c2cedff20999df2af8eb42d56 -> 
  custom:framework-win-MediaFoundation: 216162199b28c13a410421893ffa2e32 -> 
  custom:container-demuxer-ogg: 62fdf1f143b41e24485cea50d1cbac27 -> 
  custom:video-decoder-webm-vp8: 9c59270c3fd7afecdb556c50c9e8de78 -> 
  custom:audio-decoder-ogg-vorbis: bf7c407c2cedff20999df2af8eb42d56 -> 
========================================================================
Received Import Request.
  Time since last request: 124204.300101 seconds.
  path: Assets/Pixel Adventure 1/Assets/Terrain/Teren Joc/Background/Gray_10.asset
  artifactKey: Guid(d23e8cdad6515d24bbe4b064c785d6ee) Importer(815301076,1909f56bfc062723c751e8b465ee728b)
Start importing Assets/Pixel Adventure 1/Assets/Terrain/Teren Joc/Background/Gray_10.asset using Guid(d23e8cdad6515d24bbe4b064c785d6ee) Importer(815301076,1909f56bfc062723c751e8b465ee728b)  -> (artifact id: 'c509f4f93dd9467861c48c304f5d7ede') in 0.073314 seconds 
========================================================================
Received Import Request.
  Time since last request: 0.000019 seconds.
  path: Assets/Pixel Adventure 1/Assets/Terrain/Teren Joc/Terrain (16x16)_82.asset
  artifactKey: Guid(2e676b666b0cb3646aeea286556a74d5) Importer(815301076,1909f56bfc062723c751e8b465ee728b)
Start importing Assets/Pixel Adventure 1/Assets/Terrain/Teren Joc/Terrain (16x16)_82.asset using Guid(2e676b666b0cb3646aeea286556a74d5) Importer(815301076,1909f56bfc062723c751e8b465ee728b)  -> (artifact id: 'd94147fb260fd5b69dc8dd51cb7437aa') in 0.052242 seconds 
========================================================================
Received Import Request.
  Time since last request: 0.000029 seconds.
  path: Assets/Pixel Adventure 1/Assets/Terrain/Teren Joc/Background/Gray_15.asset
  artifactKey: Guid(c99ae8c393a8bc84180d5dc7357914ae) Importer(815301076,1909f56bfc062723c751e8b465ee728b)
Start importing Assets/Pixel Adventure 1/Assets/Terrain/Teren Joc/Background/Gray_15.asset using Guid(c99ae8c393a8bc84180d5dc7357914ae) Importer(815301076,1909f56bfc062723c751e8b465ee728b)  -> (artifact id: '9e97688d588228c7d331291abf00c26c') in 0.009067 seconds 
========================================================================
Received Import Request.
  Time since last request: 0.000016 seconds.
  path: Assets/Pixel Adventure 1/Assets/Terrain/Teren Joc/Background/Gray_13.asset
  artifactKey: Guid(24dae05761d835f408862f38e102143d) Importer(815301076,1909f56bfc062723c751e8b465ee728b)
Start importing Assets/Pixel Adventure 1/Assets/Terrain/Teren Joc/Background/Gray_13.asset using Guid(24dae05761d835f408862f38e102143d) Importer(815301076,1909f56bfc062723c751e8b465ee728b)  -> (artifact id: '8356852cfa6bc34d4ddc5e396bedfd4a') in 0.010993 seconds 
========================================================================
Received Import Request.
  Time since last request: 0.000027 seconds.
  path: Assets/Pixel Adventure 1/Assets/Terrain/Teren Joc/Terrain (16x16)_98.asset
  artifactKey: Guid(0a80254579f51994e983fde132580b49) Importer(815301076,1909f56bfc062723c751e8b465ee728b)
Start importing Assets/Pixel Adventure 1/Assets/Terrain/Teren Joc/Terrain (16x16)_98.asset using Guid(0a80254579f51994e983fde132580b49) Importer(815301076,1909f56bfc062723c751e8b465ee728b)  -> (artifact id: '8ca4a824f77f8073f4fbf1d4d1e7ac01') in 0.025702 seconds 
========================================================================
Received Import Request.
  Time since last request: 0.000018 seconds.
  path: Assets/Pixel Adventure 1/Assets/Terrain/Teren Joc/Terrain (16x16)_116.asset
  artifactKey: Guid(c77cd4e5cd8fbf143ad21a821b6b9012) Importer(815301076,1909f56bfc062723c751e8b465ee728b)
Start importing Assets/Pixel Adventure 1/Assets/Terrain/Teren Joc/Terrain (16x16)_116.asset using Guid(c77cd4e5cd8fbf143ad21a821b6b9012) Importer(815301076,1909f56bfc062723c751e8b465ee728b)  -> (artifact id: '036ec47565e02180255045e6b4a89f38') in 0.013969 seconds 
========================================================================
Received Import Request.
  Time since last request: 0.000017 seconds.
  path: Assets/Pixel Adventure 1/Assets/Terrain/Teren Joc/Background/Gray_6.asset
  artifactKey: Guid(f6371e0e1e70d664dab90fa3b037ab10) Importer(815301076,1909f56bfc062723c751e8b465ee728b)
Start importing Assets/Pixel Adventure 1/Assets/Terrain/Teren Joc/Background/Gray_6.asset using Guid(f6371e0e1e70d664dab90fa3b037ab10) Importer(815301076,1909f56bfc062723c751e8b465ee728b)  -> (artifact id: '32218b0c9dbe3a37e4f70e9f1776f599') in 0.009474 seconds 
========================================================================
Received Import Request.
  Time since last request: 0.000019 seconds.
  path: Assets/Pixel Adventure 1/Assets/Terrain/Teren Joc/Terrain (16x16)_74.asset
  artifactKey: Guid(826a4781ac2b8f04499ed221ee261786) Importer(815301076,1909f56bfc062723c751e8b465ee728b)
Start importing Assets/Pixel Adventure 1/Assets/Terrain/Teren Joc/Terrain (16x16)_74.asset using Guid(826a4781ac2b8f04499ed221ee261786) Importer(815301076,1909f56bfc062723c751e8b465ee728b)  -> (artifact id: '553776db882edae17c66fbe23adeaf5c') in 0.017366 seconds 
========================================================================
Received Import Request.
  Time since last request: 0.000022 seconds.
  path: Assets/Pixel Adventure 1/Assets/Terrain/Teren Joc/Terrain (16x16)_68.asset
  artifactKey: Guid(2d39b2ac6fd5e844e88fefd2aaa3b5a4) Importer(815301076,1909f56bfc062723c751e8b465ee728b)
Start importing Assets/Pixel Adventure 1/Assets/Terrain/Teren Joc/Terrain (16x16)_68.asset using Guid(2d39b2ac6fd5e844e88fefd2aaa3b5a4) Importer(815301076,1909f56bfc062723c751e8b465ee728b)  -> (artifact id: '55dad21655e91c3773dfe18a2fd03c48') in 0.020079 seconds 
========================================================================
Received Import Request.
  Time since last request: 0.000018 seconds.
  path: Assets/Pixel Adventure 1/Assets/Terrain/Teren Joc/Terrain (16x16)_106.asset
  artifactKey: Guid(2d718cf4c1ea35944b4d2c6945e92fea) Importer(815301076,1909f56bfc062723c751e8b465ee728b)
Start importing Assets/Pixel Adventure 1/Assets/Terrain/Teren Joc/Terrain (16x16)_106.asset using Guid(2d718cf4c1ea35944b4d2c6945e92fea) Importer(815301076,1909f56bfc062723c751e8b465ee728b)  -> (artifact id: '4fe69dee3ddb7d68d4838b766598d18d') in 0.010476 seconds 
========================================================================
Received Import Request.
  Time since last request: 0.000017 seconds.
  path: Assets/Pixel Adventure 1/Assets/Terrain/Teren Joc/Terrain (16x16)_80.asset
  artifactKey: Guid(51768cfa4ad9b6041bca41c3aa3a14f9) Importer(815301076,1909f56bfc062723c751e8b465ee728b)
Start importing Assets/Pixel Adventure 1/Assets/Terrain/Teren Joc/Terrain (16x16)_80.asset using Guid(51768cfa4ad9b6041bca41c3aa3a14f9) Importer(815301076,1909f56bfc062723c751e8b465ee728b)  -> (artifact id: 'ec182a812e904b63f77046034ddcd2d1') in 0.009632 seconds 
========================================================================
Received Import Request.
  Time since last request: 0.000017 seconds.
  path: Assets/Pixel Adventure 1/Assets/Terrain/Teren Joc/Terrain (16x16)_78.asset
  artifactKey: Guid(7d89dd15438eabc4dbc2f3afe7699528) Importer(815301076,1909f56bfc062723c751e8b465ee728b)
Start importing Assets/Pixel Adventure 1/Assets/Terrain/Teren Joc/Terrain (16x16)_78.asset using Guid(7d89dd15438eabc4dbc2f3afe7699528) Importer(815301076,1909f56bfc062723c751e8b465ee728b)  -> (artifact id: 'ca32133f6f4b8111967848f75a801fb5') in 0.008937 seconds 
========================================================================
Received Import Request.
  Time since last request: 0.000016 seconds.
  path: Assets/Pixel Adventure 1/Assets/Terrain/Teren Joc/Terrain (16x16)_127.asset
  artifactKey: Guid(741e981b4b7b36e40b021e1bbdb47684) Importer(815301076,1909f56bfc062723c751e8b465ee728b)
Start importing Assets/Pixel Adventure 1/Assets/Terrain/Teren Joc/Terrain (16x16)_127.asset using Guid(741e981b4b7b36e40b021e1bbdb47684) Importer(815301076,1909f56bfc062723c751e8b465ee728b)  -> (artifact id: '413d9f12c4ba50f1d9c4cdec76c2fc35') in 0.009192 seconds 
========================================================================
Received Import Request.
  Time since last request: 0.000015 seconds.
  path: Assets/Pixel Adventure 1/Assets/Terrain/Teren Joc/Background/Gray_0.asset
  artifactKey: Guid(d5cebb85a81aa8947a7e280ffebd9ea2) Importer(815301076,1909f56bfc062723c751e8b465ee728b)
Start importing Assets/Pixel Adventure 1/Assets/Terrain/Teren Joc/Background/Gray_0.asset using Guid(d5cebb85a81aa8947a7e280ffebd9ea2) Importer(815301076,1909f56bfc062723c751e8b465ee728b)  -> (artifact id: 'a1db1b96e89d50c0761bb5ed0f4a7f7f') in 0.009748 seconds 
========================================================================
Received Import Request.
  Time since last request: 0.000023 seconds.
  path: Assets/Pixel Adventure 1/Assets/Terrain/Teren Joc/Terrain (16x16)_130.asset
  artifactKey: Guid(aec288a8c3b672c46962fb64b901de29) Importer(815301076,1909f56bfc062723c751e8b465ee728b)
Start importing Assets/Pixel Adventure 1/Assets/Terrain/Teren Joc/Terrain (16x16)_130.asset using Guid(aec288a8c3b672c46962fb64b901de29) Importer(815301076,1909f56bfc062723c751e8b465ee728b)  -> (artifact id: 'af8b60cf1af2ec1fe8823af6598a5b2f') in 0.011645 seconds 
========================================================================
Received Import Request.
  Time since last request: 0.000029 seconds.
  path: Assets/Pixel Adventure 1/Assets/Terrain/Teren Joc/Terrain (16x16)_117.asset
  artifactKey: Guid(283efa00e14e14a4e919e2a34a2a54f5) Importer(815301076,1909f56bfc062723c751e8b465ee728b)
Start importing Assets/Pixel Adventure 1/Assets/Terrain/Teren Joc/Terrain (16x16)_117.asset using Guid(283efa00e14e14a4e919e2a34a2a54f5) Importer(815301076,1909f56bfc062723c751e8b465ee728b)  -> (artifact id: 'a32936c48eee716e2a39151669bd25b7') in 0.010262 seconds 
========================================================================
Received Import Request.
  Time since last request: 0.000025 seconds.
  path: Assets/Pixel Adventure 1/Assets/Terrain/Teren Joc/Terrain (16x16)_94.asset
  artifactKey: Guid(ad49a2b71284c5e4ab277933939a4bbe) Importer(815301076,1909f56bfc062723c751e8b465ee728b)
Start importing Assets/Pixel Adventure 1/Assets/Terrain/Teren Joc/Terrain (16x16)_94.asset using Guid(ad49a2b71284c5e4ab277933939a4bbe) Importer(815301076,1909f56bfc062723c751e8b465ee728b)  -> (artifact id: 'c2ea48eabd865445cb1cc29f890a079c') in 0.010016 seconds 
========================================================================
Received Import Request.
  Time since last request: 0.000024 seconds.
  path: Assets/Pixel Adventure 1/Assets/Terrain/Teren Joc/Terrain (16x16)_110.asset
  artifactKey: Guid(ef0ef472e0785954ba2b6365d1ffe21d) Importer(815301076,1909f56bfc062723c751e8b465ee728b)
Start importing Assets/Pixel Adventure 1/Assets/Terrain/Teren Joc/Terrain (16x16)_110.asset using Guid(ef0ef472e0785954ba2b6365d1ffe21d) Importer(815301076,1909f56bfc062723c751e8b465ee728b)  -> (artifact id: 'b06572f4a6f762d1c01dbb731626eff8') in 0.012939 seconds 
Editor requested this worker to shutdown with reason: Scaling down because of idle timeout
AssetImportWorker is now disconnected from the server
Process exiting
Exiting without the bug reporter. Application will terminate with return code 0